{"/home/travis/build/npmtest/node-npmtest-router/test.js":{"path":"/home/travis/build/npmtest/node-npmtest-router/test.js","s":{"1":2,"2":2,"3":2,"4":2,"5":2,"6":2,"7":2,"8":1,"9":2,"10":2,"11":1,"12":1,"13":1,"14":1,"15":2,"16":2,"17":2,"18":2,"19":1,"20":1,"21":2,"22":2,"23":2,"24":1,"25":1,"26":1,"27":1,"28":1,"29":1,"30":1,"31":1,"32":1,"33":1,"34":1,"35":1,"36":1,"37":1,"38":1,"39":2,"40":2,"41":1,"42":2,"43":2,"44":1,"45":2,"46":2,"47":1,"48":2,"49":2,"50":1,"51":1,"52":1,"53":1,"54":1},"b":{"1":[2,1,1,1],"2":[1,1,1,1],"3":[1,1],"4":[1,1],"5":[1,1],"6":[1,1],"7":[1,1],"8":[1,1],"9":[1,1],"10":[1,1,1],"11":[1,1],"12":[1,1],"13":[1,1],"14":[1,1],"15":[1,1],"16":[1,1],"17":[1,1]},"f":{"1":2,"2":2,"3":2,"4":2,"5":2,"6":1,"7":1,"8":1,"9":2,"10":2,"11":2,"12":2,"13":1},"fnMap":{"1":{"name":"(anonymous_1)","line":12,"loc":{"start":{"line":12,"column":1},"end":{"line":12,"column":13}}},"2":{"name":"(anonymous_2)","line":19,"loc":{"start":{"line":19,"column":5},"end":{"line":19,"column":17}}},"3":{"name":"(anonymous_3)","line":23,"loc":{"start":{"line":23,"column":24},"end":{"line":23,"column":36}}},"4":{"name":"(anonymous_4)","line":61,"loc":{"start":{"line":61,"column":5},"end":{"line":61,"column":17}}},"5":{"name":"(anonymous_5)","line":82,"loc":{"start":{"line":82,"column":5},"end":{"line":82,"column":17}}},"6":{"name":"(anonymous_6)","line":91,"loc":{"start":{"line":91,"column":77},"end":{"line":94,"column":10}}},"7":{"name":"(anonymous_7)","line":112,"loc":{"start":{"line":112,"column":83},"end":{"line":115,"column":10}},"skip":true},"8":{"name":"(anonymous_8)","line":123,"loc":{"start":{"line":123,"column":77},"end":{"line":126,"column":10}},"skip":true},"9":{"name":"(anonymous_9)","line":139,"loc":{"start":{"line":139,"column":12},"end":{"line":139,"column":40}},"skip":true},"10":{"name":"(anonymous_10)","line":147,"loc":{"start":{"line":147,"column":77},"end":{"line":150,"column":10}},"skip":true},"11":{"name":"(anonymous_11)","line":158,"loc":{"start":{"line":158,"column":83},"end":{"line":161,"column":10}},"skip":true},"12":{"name":"(anonymous_12)","line":169,"loc":{"start":{"line":169,"column":79},"end":{"line":172,"column":10}},"skip":true},"13":{"name":"(anonymous_13)","line":180,"loc":{"start":{"line":180,"column":75},"end":{"line":183,"column":10}},"skip":true}},"statementMap":{"1":{"start":{"line":12,"column":0},"end":{"line":195,"column":5}},"2":{"start":{"line":14,"column":4},"end":{"line":14,"column":14}},"3":{"start":{"line":19,"column":4},"end":{"line":56,"column":9}},"4":{"start":{"line":21,"column":8},"end":{"line":21,"column":19}},"5":{"start":{"line":23,"column":8},"end":{"line":35,"column":13}},"6":{"start":{"line":24,"column":12},"end":{"line":34,"column":13}},"7":{"start":{"line":25,"column":16},"end":{"line":28,"column":30}},"8":{"start":{"line":30,"column":16},"end":{"line":33,"column":27}},"9":{"start":{"line":37,"column":8},"end":{"line":39,"column":21}},"10":{"start":{"line":40,"column":8},"end":{"line":53,"column":9}},"11":{"start":{"line":43,"column":12},"end":{"line":46,"column":14}},"12":{"start":{"line":47,"column":12},"end":{"line":47,"column":18}},"13":{"start":{"line":50,"column":12},"end":{"line":51,"column":46}},"14":{"start":{"line":52,"column":12},"end":{"line":52,"column":18}},"15":{"start":{"line":55,"column":8},"end":{"line":55,"column":35}},"16":{"start":{"line":61,"column":4},"end":{"line":63,"column":9}},"17":{"start":{"line":62,"column":8},"end":{"line":62,"column":15}},"18":{"start":{"line":64,"column":4},"end":{"line":77,"column":5}},"19":{"start":{"line":70,"column":8},"end":{"line":70,"column":14}},"20":{"start":{"line":76,"column":8},"end":{"line":76,"column":14}},"21":{"start":{"line":82,"column":4},"end":{"line":84,"column":9}},"22":{"start":{"line":83,"column":8},"end":{"line":83,"column":15}},"23":{"start":{"line":85,"column":4},"end":{"line":194,"column":5}},"24":{"start":{"line":91,"column":8},"end":{"line":99,"column":10}},"25":{"start":{"line":98,"column":12},"end":{"line":98,"column":35}},"26":{"start":{"line":102,"column":8},"end":{"line":104,"column":63}},"27":{"start":{"line":105,"column":8},"end":{"line":105,"column":14}},"28":{"start":{"line":112,"column":8},"end":{"line":121,"column":10},"skip":true},"29":{"start":{"line":119,"column":12},"end":{"line":119,"column":55},"skip":true},"30":{"start":{"line":120,"column":12},"end":{"line":120,"column":48},"skip":true},"31":{"start":{"line":123,"column":8},"end":{"line":136,"column":10},"skip":true},"32":{"start":{"line":130,"column":12},"end":{"line":130,"column":76},"skip":true},"33":{"start":{"line":131,"column":12},"end":{"line":131,"column":73},"skip":true},"34":{"start":{"line":132,"column":12},"end":{"line":132,"column":74},"skip":true},"35":{"start":{"line":133,"column":12},"end":{"line":133,"column":79},"skip":true},"36":{"start":{"line":134,"column":12},"end":{"line":134,"column":25},"skip":true},"37":{"start":{"line":135,"column":12},"end":{"line":135,"column":45},"skip":true},"38":{"start":{"line":138,"column":8},"end":{"line":145,"column":14},"skip":true},"39":{"start":{"line":143,"column":16},"end":{"line":143,"column":29},"skip":true},"40":{"start":{"line":144,"column":16},"end":{"line":144,"column":55},"skip":true},"41":{"start":{"line":147,"column":8},"end":{"line":156,"column":10},"skip":true},"42":{"start":{"line":154,"column":12},"end":{"line":154,"column":25},"skip":true},"43":{"start":{"line":155,"column":12},"end":{"line":155,"column":45},"skip":true},"44":{"start":{"line":158,"column":8},"end":{"line":167,"column":10},"skip":true},"45":{"start":{"line":165,"column":12},"end":{"line":165,"column":25},"skip":true},"46":{"start":{"line":166,"column":12},"end":{"line":166,"column":48},"skip":true},"47":{"start":{"line":169,"column":8},"end":{"line":178,"column":10},"skip":true},"48":{"start":{"line":176,"column":12},"end":{"line":176,"column":25},"skip":true},"49":{"start":{"line":177,"column":12},"end":{"line":177,"column":46},"skip":true},"50":{"start":{"line":180,"column":8},"end":{"line":189,"column":10},"skip":true},"51":{"start":{"line":187,"column":12},"end":{"line":187,"column":94},"skip":true},"52":{"start":{"line":188,"column":12},"end":{"line":188,"column":48},"skip":true},"53":{"start":{"line":192,"column":8},"end":{"line":192,"column":35},"skip":true},"54":{"start":{"line":193,"column":8},"end":{"line":193,"column":14},"skip":true}},"branchMap":{"1":{"line":25,"type":"binary-expr","locations":[{"start":{"line":25,"column":23},"end":{"line":25,"column":62}},{"start":{"line":26,"column":20},"end":{"line":26,"column":70}},{"start":{"line":27,"column":20},"end":{"line":27,"column":71}},{"start":{"line":28,"column":20},"end":{"line":28,"column":29}}]},"2":{"line":30,"type":"binary-expr","locations":[{"start":{"line":30,"column":23},"end":{"line":30,"column":37}},{"start":{"line":31,"column":20},"end":{"line":31,"column":61}},{"start":{"line":32,"column":20},"end":{"line":32,"column":70}},{"start":{"line":33,"column":20},"end":{"line":33,"column":26}}]},"3":{"line":37,"type":"cond-expr","locations":[{"start":{"line":38,"column":14},"end":{"line":38,"column":20}},{"start":{"line":39,"column":14},"end":{"line":39,"column":20}}]},"4":{"line":40,"type":"switch","locations":[{"start":{"line":42,"column":8},"end":{"line":47,"column":18}},{"start":{"line":49,"column":8},"end":{"line":52,"column":18}}]},"5":{"line":44,"type":"binary-expr","locations":[{"start":{"line":44,"column":16},"end":{"line":44,"column":44}},{"start":{"line":44,"column":48},"end":{"line":44,"column":66}}]},"6":{"line":50,"type":"binary-expr","locations":[{"start":{"line":50,"column":21},"end":{"line":50,"column":49}},{"start":{"line":50,"column":53},"end":{"line":50,"column":72}}]},"7":{"line":64,"type":"switch","locations":[{"start":{"line":69,"column":4},"end":{"line":70,"column":14}},{"start":{"line":75,"column":4},"end":{"line":76,"column":14}}]},"8":{"line":85,"type":"switch","locations":[{"start":{"line":90,"column":4},"end":{"line":105,"column":14}},{"start":{"line":111,"column":4},"end":{"line":193,"column":14},"skip":true}]},"9":{"line":91,"type":"binary-expr","locations":[{"start":{"line":91,"column":42},"end":{"line":91,"column":73}},{"start":{"line":91,"column":77},"end":{"line":99,"column":9}}]},"10":{"line":102,"type":"binary-expr","locations":[{"start":{"line":102,"column":18},"end":{"line":102,"column":32}},{"start":{"line":103,"column":12},"end":{"line":103,"column":53}},{"start":{"line":104,"column":12},"end":{"line":104,"column":61}}]},"11":{"line":112,"type":"binary-expr","locations":[{"start":{"line":112,"column":45},"end":{"line":112,"column":79},"skip":true},{"start":{"line":112,"column":83},"end":{"line":121,"column":9},"skip":true}]},"12":{"line":123,"type":"binary-expr","locations":[{"start":{"line":123,"column":42},"end":{"line":123,"column":73},"skip":true},{"start":{"line":123,"column":77},"end":{"line":136,"column":9},"skip":true}]},"13":{"line":138,"type":"binary-expr","locations":[{"start":{"line":138,"column":48},"end":{"line":138,"column":85},"skip":true},{"start":{"line":139,"column":12},"end":{"line":145,"column":13},"skip":true}]},"14":{"line":147,"type":"binary-expr","locations":[{"start":{"line":147,"column":42},"end":{"line":147,"column":73},"skip":true},{"start":{"line":147,"column":77},"end":{"line":156,"column":9},"skip":true}]},"15":{"line":158,"type":"binary-expr","locations":[{"start":{"line":158,"column":45},"end":{"line":158,"column":79},"skip":true},{"start":{"line":158,"column":83},"end":{"line":167,"column":9},"skip":true}]},"16":{"line":169,"type":"binary-expr","locations":[{"start":{"line":169,"column":43},"end":{"line":169,"column":75},"skip":true},{"start":{"line":169,"column":79},"end":{"line":178,"column":9},"skip":true}]},"17":{"line":180,"type":"binary-expr","locations":[{"start":{"line":180,"column":41},"end":{"line":180,"column":71},"skip":true},{"start":{"line":180,"column":75},"end":{"line":189,"column":9},"skip":true}]}},"code":["/* istanbul instrument in package npmtest_router */","/*jslint","    bitwise: true,","    browser: true,","    maxerr: 8,","    maxlen: 96,","    node: true,","    nomen: true,","    regexp: true,","    stupid: true","*/","(function () {","    'use strict';","    var local;","","","","    // run shared js-env code - pre-init","    (function () {","        // init local","        local = {};","        // init modeJs","        local.modeJs = (function () {","            try {","                return typeof navigator.userAgent === 'string' &&","                    typeof document.querySelector('body') === 'object' &&","                    typeof XMLHttpRequest.prototype.open === 'function' &&","                    'browser';","            } catch (errorCaughtBrowser) {","                return module.exports &&","                    typeof process.versions.node === 'string' &&","                    typeof require('http').createServer === 'function' &&","                    'node';","            }","        }());","        // init global","        local.global = local.modeJs === 'browser'","            ? window","            : global;","        switch (local.modeJs) {","        // re-init local from window.local","        case 'browser':","            local = local.global.utility2.objectSetDefault(","                local.global.utility2_rollup || local.global.local,","                local.global.utility2","            );","            break;","        // re-init local from example.js","        case 'node':","            local = (local.global.utility2_rollup || require('utility2'))","                .requireExampleJsFromReadme();","            break;","        }","        // export local","        local.global.local = local;","    }());","","","","    // run shared js-env code - function","    (function () {","        return;","    }());","    switch (local.modeJs) {","","","","    // run browser js-env code - function","    case 'browser':","        break;","","","","    // run node js-env code - function","    case 'node':","        break;","    }","","","","    // run shared js-env code - post-init","    (function () {","        return;","    }());","    switch (local.modeJs) {","","","","    // run browser js-env code - post-init","    case 'browser':","        local.testCase_browser_nullCase = local.testCase_browser_nullCase || function (","            options,","            onError","        ) {","        /*","         * this function will test browsers's null-case handling-behavior-behavior","         */","            onError(null, options);","        };","","        // run tests","        local.nop(local.modeTest &&","            document.querySelector('#testRunButton1') &&","            document.querySelector('#testRunButton1').click());","        break;","","","","    // run node js-env code - post-init","    /* istanbul ignore next */","    case 'node':","        local.testCase_buildApidoc_default = local.testCase_buildApidoc_default || function (","            options,","            onError","        ) {","        /*","         * this function will test buildApidoc's default handling-behavior-behavior","         */","            options = { modulePathList: module.paths };","            local.buildApidoc(options, onError);","        };","","        local.testCase_buildApp_default = local.testCase_buildApp_default || function (","            options,","            onError","        ) {","        /*","         * this function will test buildApp's default handling-behavior-behavior","         */","            local.testCase_buildReadme_default(options, local.onErrorThrow);","            local.testCase_buildLib_default(options, local.onErrorThrow);","            local.testCase_buildTest_default(options, local.onErrorThrow);","            local.testCase_buildCustomOrg_default(options, local.onErrorThrow);","            options = [];","            local.buildApp(options, onError);","        };","","        local.testCase_buildCustomOrg_default = local.testCase_buildCustomOrg_default ||","            function (options, onError) {","            /*","             * this function will test buildCustomOrg's default handling-behavior","             */","                options = {};","                local.buildCustomOrg(options, onError);","            };","","        local.testCase_buildLib_default = local.testCase_buildLib_default || function (","            options,","            onError","        ) {","        /*","         * this function will test buildLib's default handling-behavior","         */","            options = {};","            local.buildLib(options, onError);","        };","","        local.testCase_buildReadme_default = local.testCase_buildReadme_default || function (","            options,","            onError","        ) {","        /*","         * this function will test buildReadme's default handling-behavior-behavior","         */","            options = {};","            local.buildReadme(options, onError);","        };","","        local.testCase_buildTest_default = local.testCase_buildTest_default || function (","            options,","            onError","        ) {","        /*","         * this function will test buildTest's default handling-behavior","         */","            options = {};","            local.buildTest(options, onError);","        };","","        local.testCase_webpage_default = local.testCase_webpage_default || function (","            options,","            onError","        ) {","        /*","         * this function will test webpage's default handling-behavior","         */","            options = { modeCoverageMerge: true, url: local.serverLocalHost + '?modeTest=1' };","            local.browserTest(options, onError);","        };","","        // run test-server","        local.testRunServer(local);","        break;","    }","}());",""],"l":{"12":2,"14":2,"19":2,"21":2,"23":2,"24":2,"25":2,"30":1,"37":2,"40":2,"43":1,"47":1,"50":1,"52":1,"55":2,"61":2,"62":2,"64":2,"70":1,"76":1,"82":2,"83":2,"85":2,"91":1,"98":1,"102":1,"105":1,"112":1,"119":1,"120":1,"123":1,"130":1,"131":1,"132":1,"133":1,"134":1,"135":1,"138":1,"143":2,"144":2,"147":1,"154":2,"155":2,"158":1,"165":2,"166":2,"169":1,"176":2,"177":2,"180":1,"187":1,"188":1,"192":1,"193":1}},"/home/travis/build/npmtest/node-npmtest-router/lib.npmtest_router.js":{"path":"/home/travis/build/npmtest/node-npmtest-router/lib.npmtest_router.js","s":{"1":2,"2":2,"3":2,"4":2,"5":2,"6":2,"7":2,"8":1,"9":2,"10":2,"11":2,"12":2,"13":1,"14":1,"15":1,"16":1},"b":{"1":[2,1,1,1],"2":[1,1,1,1],"3":[1,1],"4":[2,2],"5":[1,1]},"f":{"1":2,"2":2,"3":2},"fnMap":{"1":{"name":"(anonymous_1)","line":12,"loc":{"start":{"line":12,"column":1},"end":{"line":12,"column":13}}},"2":{"name":"(anonymous_2)","line":19,"loc":{"start":{"line":19,"column":5},"end":{"line":19,"column":17}}},"3":{"name":"(anonymous_3)","line":23,"loc":{"start":{"line":23,"column":24},"end":{"line":23,"column":36}}}},"statementMap":{"1":{"start":{"line":12,"column":0},"end":{"line":53,"column":5}},"2":{"start":{"line":14,"column":4},"end":{"line":14,"column":14}},"3":{"start":{"line":19,"column":4},"end":{"line":52,"column":9}},"4":{"start":{"line":21,"column":8},"end":{"line":21,"column":19}},"5":{"start":{"line":23,"column":8},"end":{"line":35,"column":13}},"6":{"start":{"line":24,"column":12},"end":{"line":34,"column":13}},"7":{"start":{"line":25,"column":16},"end":{"line":28,"column":30}},"8":{"start":{"line":30,"column":16},"end":{"line":33,"column":27}},"9":{"start":{"line":37,"column":8},"end":{"line":39,"column":21}},"10":{"start":{"line":41,"column":8},"end":{"line":41,"column":54}},"11":{"start":{"line":43,"column":8},"end":{"line":43,"column":51}},"12":{"start":{"line":45,"column":8},"end":{"line":51,"column":9}},"13":{"start":{"line":46,"column":12},"end":{"line":46,"column":57}},"14":{"start":{"line":48,"column":12},"end":{"line":48,"column":35}},"15":{"start":{"line":49,"column":12},"end":{"line":49,"column":49}},"16":{"start":{"line":50,"column":12},"end":{"line":50,"column":43}}},"branchMap":{"1":{"line":25,"type":"binary-expr","locations":[{"start":{"line":25,"column":23},"end":{"line":25,"column":62}},{"start":{"line":26,"column":20},"end":{"line":26,"column":70}},{"start":{"line":27,"column":20},"end":{"line":27,"column":71}},{"start":{"line":28,"column":20},"end":{"line":28,"column":29}}]},"2":{"line":30,"type":"binary-expr","locations":[{"start":{"line":30,"column":23},"end":{"line":30,"column":37}},{"start":{"line":31,"column":20},"end":{"line":31,"column":61}},{"start":{"line":32,"column":20},"end":{"line":32,"column":70}},{"start":{"line":33,"column":20},"end":{"line":33,"column":26}}]},"3":{"line":37,"type":"cond-expr","locations":[{"start":{"line":38,"column":14},"end":{"line":38,"column":20}},{"start":{"line":39,"column":14},"end":{"line":39,"column":20}}]},"4":{"line":41,"type":"binary-expr","locations":[{"start":{"line":41,"column":16},"end":{"line":41,"column":44}},{"start":{"line":41,"column":48},"end":{"line":41,"column":53}}]},"5":{"line":45,"type":"if","locations":[{"start":{"line":45,"column":8},"end":{"line":45,"column":8}},{"start":{"line":45,"column":8},"end":{"line":45,"column":8}}]}},"code":["/* istanbul instrument in package npmtest_router */","/*jslint","    bitwise: true,","    browser: true,","    maxerr: 8,","    maxlen: 96,","    node: true,","    nomen: true,","    regexp: true,","    stupid: true","*/","(function () {","    'use strict';","    var local;","","","","    // run shared js-env code - pre-init","    (function () {","        // init local","        local = {};","        // init modeJs","        local.modeJs = (function () {","            try {","                return typeof navigator.userAgent === 'string' &&","                    typeof document.querySelector('body') === 'object' &&","                    typeof XMLHttpRequest.prototype.open === 'function' &&","                    'browser';","            } catch (errorCaughtBrowser) {","                return module.exports &&","                    typeof process.versions.node === 'string' &&","                    typeof require('http').createServer === 'function' &&","                    'node';","            }","        }());","        // init global","        local.global = local.modeJs === 'browser'","            ? window","            : global;","        // init utility2_rollup","        local = local.global.utility2_rollup || local;","        // init lib","        local.local = local.npmtest_router = local;","        // init exports","        if (local.modeJs === 'browser') {","            local.global.utility2_npmtest_router = local;","        } else {","            module.exports = local;","            module.exports.__dirname = __dirname;","            module.exports.module = module;","        }","    }());","}());",""],"l":{"12":2,"14":2,"19":2,"21":2,"23":2,"24":2,"25":2,"30":1,"37":2,"41":2,"43":2,"45":2,"46":1,"48":1,"49":1,"50":1}},"/home/travis/build/npmtest/node-npmtest-router/example.js":{"path":"/home/travis/build/npmtest/node-npmtest-router/example.js","s":{"1":2,"2":2,"3":2,"4":2,"5":2,"6":2,"7":2,"8":1,"9":2,"10":2,"11":2,"12":2,"13":1,"14":2,"15":2,"16":2,"17":2,"18":2,"19":0,"20":2,"21":1,"22":1,"23":1,"24":1,"25":1,"26":0,"27":0,"28":1,"29":1,"30":2,"31":0,"32":0,"33":0,"34":1,"35":2,"36":2,"37":3,"38":3,"39":3,"40":3,"41":0,"42":3,"43":3,"44":3,"45":1,"46":3,"47":1,"48":1,"49":1,"50":1,"51":1,"52":1,"53":1,"54":1,"55":1,"56":1,"57":0,"58":1,"59":6,"60":6,"61":1,"62":2,"63":0,"64":2,"65":1,"66":1,"67":0,"68":0,"69":0,"70":0,"71":0,"72":0,"73":0,"74":0,"75":0,"76":0,"77":0,"78":0,"79":0,"80":0,"81":0,"82":0,"83":0},"b":{"1":[2,1,1,1],"2":[1,1,1,1],"3":[1,1],"4":[2,2],"5":[1,1],"6":[1,1],"7":[2,0],"8":[2,1,1,1,1,1],"9":[0,2,0],"10":[1,1],"11":[2,1,1],"12":[1,0],"13":[0,2],"14":[2,0,0,0,0,0,0],"15":[0,3],"16":[3,0],"17":[1,1],"18":[0,1],"19":[1,2,0,2],"20":[1,0],"21":[1,1],"22":[0,0],"23":[0,0],"24":[0,0],"25":[0,0],"26":[0,0],"27":[0,0],"28":[0,0]},"f":{"1":2,"2":2,"3":2,"4":2,"5":2,"6":2,"7":3,"8":3,"9":3,"10":1,"11":6,"12":0},"fnMap":{"1":{"name":"(anonymous_1)","line":26,"loc":{"start":{"line":26,"column":1},"end":{"line":26,"column":13}}},"2":{"name":"(anonymous_2)","line":33,"loc":{"start":{"line":33,"column":5},"end":{"line":33,"column":17}}},"3":{"name":"(anonymous_3)","line":37,"loc":{"start":{"line":37,"column":24},"end":{"line":37,"column":36}}},"4":{"name":"(anonymous_4)","line":69,"loc":{"start":{"line":69,"column":31},"end":{"line":69,"column":48}},"skip":true},"5":{"name":"(anonymous_5)","line":78,"loc":{"start":{"line":78,"column":26},"end":{"line":78,"column":45}},"skip":true},"6":{"name":"(anonymous_6)","line":123,"loc":{"start":{"line":123,"column":33},"end":{"line":123,"column":48}},"skip":true},"7":{"name":"(anonymous_7)","line":125,"loc":{"start":{"line":125,"column":27},"end":{"line":125,"column":39}},"skip":true},"8":{"name":"(anonymous_8)","line":133,"loc":{"start":{"line":133,"column":59},"end":{"line":133,"column":74}},"skip":true},"9":{"name":"(anonymous_9)","line":143,"loc":{"start":{"line":143,"column":45},"end":{"line":143,"column":62}},"skip":true},"10":{"name":"(anonymous_10)","line":144,"loc":{"start":{"line":144,"column":73},"end":{"line":144,"column":92}},"skip":true},"11":{"name":"(anonymous_11)","line":272,"loc":{"start":{"line":272,"column":51},"end":{"line":272,"column":77}},"skip":true},"12":{"name":"(anonymous_12)","line":315,"loc":{"start":{"line":315,"column":32},"end":{"line":315,"column":61}},"skip":true}},"statementMap":{"1":{"start":{"line":26,"column":0},"end":{"line":326,"column":5}},"2":{"start":{"line":28,"column":4},"end":{"line":28,"column":14}},"3":{"start":{"line":33,"column":4},"end":{"line":60,"column":9}},"4":{"start":{"line":35,"column":8},"end":{"line":35,"column":19}},"5":{"start":{"line":37,"column":8},"end":{"line":49,"column":13}},"6":{"start":{"line":38,"column":12},"end":{"line":48,"column":13}},"7":{"start":{"line":39,"column":16},"end":{"line":42,"column":30}},"8":{"start":{"line":44,"column":16},"end":{"line":47,"column":27}},"9":{"start":{"line":51,"column":8},"end":{"line":53,"column":21}},"10":{"start":{"line":55,"column":8},"end":{"line":57,"column":45}},"11":{"start":{"line":59,"column":8},"end":{"line":59,"column":35}},"12":{"start":{"line":61,"column":4},"end":{"line":325,"column":5}},"13":{"start":{"line":69,"column":8},"end":{"line":121,"column":10},"skip":true},"14":{"start":{"line":70,"column":12},"end":{"line":88,"column":13},"skip":true},"15":{"start":{"line":76,"column":16},"end":{"line":87,"column":19},"skip":true},"16":{"start":{"line":79,"column":20},"end":{"line":86,"column":21},"skip":true},"17":{"start":{"line":82,"column":24},"end":{"line":82,"column":43},"skip":true},"18":{"start":{"line":83,"column":24},"end":{"line":83,"column":30},"skip":true},"19":{"start":{"line":85,"column":24},"end":{"line":85,"column":49},"skip":true},"20":{"start":{"line":89,"column":12},"end":{"line":107,"column":13},"skip":true},"21":{"start":{"line":92,"column":16},"end":{"line":102,"column":17},"skip":true},"22":{"start":{"line":93,"column":20},"end":{"line":93,"column":86},"skip":true},"23":{"start":{"line":94,"column":20},"end":{"line":95,"column":45},"skip":true},"24":{"start":{"line":96,"column":20},"end":{"line":96,"column":42},"skip":true},"25":{"start":{"line":97,"column":20},"end":{"line":97,"column":48},"skip":true},"26":{"start":{"line":100,"column":20},"end":{"line":100,"column":85},"skip":true},"27":{"start":{"line":101,"column":20},"end":{"line":101,"column":96},"skip":true},"28":{"start":{"line":103,"column":16},"end":{"line":103,"column":22},"skip":true},"29":{"start":{"line":106,"column":16},"end":{"line":106,"column":22},"skip":true},"30":{"start":{"line":108,"column":12},"end":{"line":120,"column":13},"skip":true},"31":{"start":{"line":114,"column":16},"end":{"line":119,"column":17},"skip":true},"32":{"start":{"line":116,"column":20},"end":{"line":116,"column":78},"skip":true},"33":{"start":{"line":118,"column":20},"end":{"line":118,"column":47},"skip":true},"34":{"start":{"line":123,"column":8},"end":{"line":141,"column":11},"skip":true},"35":{"start":{"line":124,"column":12},"end":{"line":124,"column":54},"skip":true},"36":{"start":{"line":125,"column":12},"end":{"line":140,"column":14},"skip":true},"37":{"start":{"line":126,"column":16},"end":{"line":126,"column":28},"skip":true},"38":{"start":{"line":127,"column":16},"end":{"line":127,"column":69},"skip":true},"39":{"start":{"line":128,"column":16},"end":{"line":128,"column":75},"skip":true},"40":{"start":{"line":129,"column":16},"end":{"line":131,"column":17},"skip":true},"41":{"start":{"line":130,"column":20},"end":{"line":130,"column":27},"skip":true},"42":{"start":{"line":133,"column":16},"end":{"line":137,"column":36},"skip":true},"43":{"start":{"line":134,"column":20},"end":{"line":136,"column":55},"skip":true},"44":{"start":{"line":139,"column":16},"end":{"line":139,"column":57},"skip":true},"45":{"start":{"line":143,"column":8},"end":{"line":147,"column":11},"skip":true},"46":{"start":{"line":144,"column":12},"end":{"line":146,"column":15},"skip":true},"47":{"start":{"line":145,"column":16},"end":{"line":145,"column":70},"skip":true},"48":{"start":{"line":149,"column":8},"end":{"line":149,"column":31},"skip":true},"49":{"start":{"line":150,"column":8},"end":{"line":150,"column":14},"skip":true},"50":{"start":{"line":158,"column":8},"end":{"line":158,"column":31},"skip":true},"51":{"start":{"line":160,"column":8},"end":{"line":160,"column":33},"skip":true},"52":{"start":{"line":161,"column":8},"end":{"line":161,"column":37},"skip":true},"53":{"start":{"line":162,"column":8},"end":{"line":162,"column":35},"skip":true},"54":{"start":{"line":164,"column":8},"end":{"line":164,"column":50},"skip":true},"55":{"start":{"line":166,"column":8},"end":{"line":256,"column":2},"skip":true},"56":{"start":{"line":258,"column":8},"end":{"line":286,"column":9},"skip":true},"57":{"start":{"line":259,"column":12},"end":{"line":269,"column":14},"skip":true},"58":{"start":{"line":271,"column":12},"end":{"line":285,"column":19},"skip":true},"59":{"start":{"line":274,"column":20},"end":{"line":274,"column":35},"skip":true},"60":{"start":{"line":275,"column":20},"end":{"line":284,"column":21},"skip":true},"61":{"start":{"line":277,"column":24},"end":{"line":277,"column":64},"skip":true},"62":{"start":{"line":279,"column":24},"end":{"line":279,"column":40},"skip":true},"63":{"start":{"line":281,"column":24},"end":{"line":281,"column":40},"skip":true},"64":{"start":{"line":283,"column":24},"end":{"line":283,"column":39},"skip":true},"65":{"start":{"line":288,"column":8},"end":{"line":290,"column":9},"skip":true},"66":{"start":{"line":289,"column":12},"end":{"line":289,"column":18},"skip":true},"67":{"start":{"line":291,"column":8},"end":{"line":293,"column":54},"skip":true},"68":{"start":{"line":296,"column":8},"end":{"line":301,"column":37},"skip":true},"69":{"start":{"line":303,"column":8},"end":{"line":303,"column":82},"skip":true},"70":{"start":{"line":306,"column":8},"end":{"line":308,"column":9},"skip":true},"71":{"start":{"line":307,"column":12},"end":{"line":307,"column":82},"skip":true},"72":{"start":{"line":310,"column":8},"end":{"line":312,"column":9},"skip":true},"73":{"start":{"line":311,"column":12},"end":{"line":311,"column":18},"skip":true},"74":{"start":{"line":313,"column":8},"end":{"line":313,"column":54},"skip":true},"75":{"start":{"line":314,"column":8},"end":{"line":314,"column":69},"skip":true},"76":{"start":{"line":315,"column":8},"end":{"line":323,"column":36},"skip":true},"77":{"start":{"line":316,"column":12},"end":{"line":316,"column":61},"skip":true},"78":{"start":{"line":317,"column":12},"end":{"line":320,"column":13},"skip":true},"79":{"start":{"line":318,"column":16},"end":{"line":318,"column":75},"skip":true},"80":{"start":{"line":319,"column":16},"end":{"line":319,"column":23},"skip":true},"81":{"start":{"line":321,"column":12},"end":{"line":321,"column":38},"skip":true},"82":{"start":{"line":322,"column":12},"end":{"line":322,"column":27},"skip":true},"83":{"start":{"line":324,"column":8},"end":{"line":324,"column":14},"skip":true}},"branchMap":{"1":{"line":39,"type":"binary-expr","locations":[{"start":{"line":39,"column":23},"end":{"line":39,"column":62}},{"start":{"line":40,"column":20},"end":{"line":40,"column":70}},{"start":{"line":41,"column":20},"end":{"line":41,"column":71}},{"start":{"line":42,"column":20},"end":{"line":42,"column":29}}]},"2":{"line":44,"type":"binary-expr","locations":[{"start":{"line":44,"column":23},"end":{"line":44,"column":37}},{"start":{"line":45,"column":20},"end":{"line":45,"column":61}},{"start":{"line":46,"column":20},"end":{"line":46,"column":70}},{"start":{"line":47,"column":20},"end":{"line":47,"column":26}}]},"3":{"line":51,"type":"cond-expr","locations":[{"start":{"line":52,"column":14},"end":{"line":52,"column":20}},{"start":{"line":53,"column":14},"end":{"line":53,"column":20}}]},"4":{"line":55,"type":"binary-expr","locations":[{"start":{"line":55,"column":16},"end":{"line":55,"column":44}},{"start":{"line":55,"column":49},"end":{"line":57,"column":43}}]},"5":{"line":55,"type":"cond-expr","locations":[{"start":{"line":56,"column":14},"end":{"line":56,"column":50}},{"start":{"line":57,"column":14},"end":{"line":57,"column":43}}]},"6":{"line":61,"type":"switch","locations":[{"start":{"line":68,"column":4},"end":{"line":150,"column":14},"skip":true},{"start":{"line":156,"column":4},"end":{"line":324,"column":14},"skip":true}]},"7":{"line":70,"type":"if","locations":[{"start":{"line":70,"column":12},"end":{"line":70,"column":12},"skip":true},{"start":{"line":70,"column":12},"end":{"line":70,"column":12},"skip":true}]},"8":{"line":70,"type":"binary-expr","locations":[{"start":{"line":70,"column":16},"end":{"line":70,"column":22},"skip":true},{"start":{"line":70,"column":27},"end":{"line":70,"column":32},"skip":true},{"start":{"line":71,"column":20},"end":{"line":71,"column":39},"skip":true},{"start":{"line":72,"column":20},"end":{"line":72,"column":49},"skip":true},{"start":{"line":73,"column":20},"end":{"line":73,"column":58},"skip":true},{"start":{"line":74,"column":20},"end":{"line":74,"column":69},"skip":true}]},"9":{"line":79,"type":"switch","locations":[{"start":{"line":80,"column":20},"end":{"line":80,"column":33},"skip":true},{"start":{"line":81,"column":20},"end":{"line":83,"column":30},"skip":true},{"start":{"line":84,"column":20},"end":{"line":85,"column":49},"skip":true}]},"10":{"line":89,"type":"switch","locations":[{"start":{"line":90,"column":12},"end":{"line":103,"column":22},"skip":true},{"start":{"line":105,"column":12},"end":{"line":106,"column":22},"skip":true}]},"11":{"line":89,"type":"binary-expr","locations":[{"start":{"line":89,"column":20},"end":{"line":89,"column":25},"skip":true},{"start":{"line":89,"column":29},"end":{"line":89,"column":48},"skip":true},{"start":{"line":89,"column":52},"end":{"line":89,"column":74},"skip":true}]},"12":{"line":92,"type":"if","locations":[{"start":{"line":92,"column":16},"end":{"line":92,"column":16},"skip":true},{"start":{"line":92,"column":16},"end":{"line":92,"column":16},"skip":true}]},"13":{"line":108,"type":"if","locations":[{"start":{"line":108,"column":12},"end":{"line":108,"column":12},"skip":true},{"start":{"line":108,"column":12},"end":{"line":108,"column":12},"skip":true}]},"14":{"line":108,"type":"binary-expr","locations":[{"start":{"line":108,"column":16},"end":{"line":108,"column":61},"skip":true},{"start":{"line":108,"column":66},"end":{"line":108,"column":72},"skip":true},{"start":{"line":108,"column":77},"end":{"line":108,"column":82},"skip":true},{"start":{"line":109,"column":20},"end":{"line":109,"column":39},"skip":true},{"start":{"line":110,"column":20},"end":{"line":110,"column":49},"skip":true},{"start":{"line":111,"column":20},"end":{"line":111,"column":58},"skip":true},{"start":{"line":112,"column":20},"end":{"line":112,"column":68},"skip":true}]},"15":{"line":129,"type":"if","locations":[{"start":{"line":129,"column":16},"end":{"line":129,"column":16},"skip":true},{"start":{"line":129,"column":16},"end":{"line":129,"column":16},"skip":true}]},"16":{"line":134,"type":"cond-expr","locations":[{"start":{"line":135,"column":26},"end":{"line":135,"column":29},"skip":true},{"start":{"line":136,"column":26},"end":{"line":136,"column":54},"skip":true}]},"17":{"line":164,"type":"binary-expr","locations":[{"start":{"line":164,"column":27},"end":{"line":164,"column":43},"skip":true},{"start":{"line":164,"column":47},"end":{"line":164,"column":49},"skip":true}]},"18":{"line":258,"type":"if","locations":[{"start":{"line":258,"column":8},"end":{"line":258,"column":8},"skip":true},{"start":{"line":258,"column":8},"end":{"line":258,"column":8},"skip":true}]},"19":{"line":275,"type":"switch","locations":[{"start":{"line":276,"column":20},"end":{"line":277,"column":64},"skip":true},{"start":{"line":278,"column":20},"end":{"line":279,"column":40},"skip":true},{"start":{"line":280,"column":20},"end":{"line":281,"column":40},"skip":true},{"start":{"line":282,"column":20},"end":{"line":283,"column":39},"skip":true}]},"20":{"line":288,"type":"if","locations":[{"start":{"line":288,"column":8},"end":{"line":288,"column":8},"skip":true},{"start":{"line":288,"column":8},"end":{"line":288,"column":8},"skip":true}]},"21":{"line":288,"type":"binary-expr","locations":[{"start":{"line":288,"column":12},"end":{"line":288,"column":40},"skip":true},{"start":{"line":288,"column":44},"end":{"line":288,"column":67},"skip":true}]},"22":{"line":292,"type":"binary-expr","locations":[{"start":{"line":292,"column":12},"end":{"line":292,"column":50},"skip":true},{"start":{"line":293,"column":12},"end":{"line":293,"column":53},"skip":true}]},"23":{"line":297,"type":"binary-expr","locations":[{"start":{"line":297,"column":12},"end":{"line":297,"column":64},"skip":true},{"start":{"line":298,"column":12},"end":{"line":301,"column":36},"skip":true}]},"24":{"line":303,"type":"binary-expr","locations":[{"start":{"line":303,"column":43},"end":{"line":303,"column":75},"skip":true},{"start":{"line":303,"column":79},"end":{"line":303,"column":81},"skip":true}]},"25":{"line":306,"type":"if","locations":[{"start":{"line":306,"column":8},"end":{"line":306,"column":8},"skip":true},{"start":{"line":306,"column":8},"end":{"line":306,"column":8},"skip":true}]},"26":{"line":310,"type":"if","locations":[{"start":{"line":310,"column":8},"end":{"line":310,"column":8},"skip":true},{"start":{"line":310,"column":8},"end":{"line":310,"column":8},"skip":true}]},"27":{"line":313,"type":"binary-expr","locations":[{"start":{"line":313,"column":27},"end":{"line":313,"column":43},"skip":true},{"start":{"line":313,"column":47},"end":{"line":313,"column":53},"skip":true}]},"28":{"line":317,"type":"if","locations":[{"start":{"line":317,"column":12},"end":{"line":317,"column":12},"skip":true},{"start":{"line":317,"column":12},"end":{"line":317,"column":12},"skip":true}]}},"code":["/*","example.js","","quickstart example","","instruction","    1. save this script as example.js","    2. run the shell command:","        $ npm install npmtest-router && PORT=8081 node example.js","    3. play with the browser-demo on http://127.0.0.1:8081","*/","","","","/* istanbul instrument in package npmtest_router */","/*jslint","    bitwise: true,","    browser: true,","    maxerr: 8,","    maxlen: 96,","    node: true,","    nomen: true,","    regexp: true,","    stupid: true","*/","(function () {","    'use strict';","    var local;","","","","    // run shared js-env code - pre-init","    (function () {","        // init local","        local = {};","        // init modeJs","        local.modeJs = (function () {","            try {","                return typeof navigator.userAgent === 'string' &&","                    typeof document.querySelector('body') === 'object' &&","                    typeof XMLHttpRequest.prototype.open === 'function' &&","                    'browser';","            } catch (errorCaughtBrowser) {","                return module.exports &&","                    typeof process.versions.node === 'string' &&","                    typeof require('http').createServer === 'function' &&","                    'node';","            }","        }());","        // init global","        local.global = local.modeJs === 'browser'","            ? window","            : global;","        // init utility2_rollup","        local = local.global.utility2_rollup || (local.modeJs === 'browser'","            ? local.global.utility2_npmtest_router","            : global.utility2_moduleExports);","        // export local","        local.global.local = local;","    }());","    switch (local.modeJs) {","","","","    // post-init","    // run browser js-env code - post-init","    /* istanbul ignore next */","    case 'browser':","        local.testRunBrowser = function (event) {","            if (!event || (event &&","                    event.currentTarget &&","                    event.currentTarget.className &&","                    event.currentTarget.className.includes &&","                    event.currentTarget.className.includes('onreset'))) {","                // reset output","                Array.from(","                    document.querySelectorAll('body > .resettable')","                ).forEach(function (element) {","                    switch (element.tagName) {","                    case 'INPUT':","                    case 'TEXTAREA':","                        element.value = '';","                        break;","                    default:","                        element.textContent = '';","                    }","                });","            }","            switch (event && event.currentTarget && event.currentTarget.id) {","            case 'testRunButton1':","                // show tests","                if (document.querySelector('#testReportDiv1').style.display === 'none') {","                    document.querySelector('#testReportDiv1').style.display = 'block';","                    document.querySelector('#testRunButton1').textContent =","                        'hide internal test';","                    local.modeTest = true;","                    local.testRunDefault(local);","                // hide tests","                } else {","                    document.querySelector('#testReportDiv1').style.display = 'none';","                    document.querySelector('#testRunButton1').textContent = 'run internal test';","                }","                break;","            // custom-case","            default:","                break;","            }","            if (document.querySelector('#inputTextareaEval1') && (!event || (event &&","                    event.currentTarget &&","                    event.currentTarget.className &&","                    event.currentTarget.className.includes &&","                    event.currentTarget.className.includes('oneval')))) {","                // try to eval input-code","                try {","                    /*jslint evil: true*/","                    eval(document.querySelector('#inputTextareaEval1').value);","                } catch (errorCaught) {","                    console.error(errorCaught);","                }","            }","        };","        // log stderr and stdout to #outputTextareaStdout1","        ['error', 'log'].forEach(function (key) {","            console[key + '_original'] = console[key];","            console[key] = function () {","                var element;","                console[key + '_original'].apply(console, arguments);","                element = document.querySelector('#outputTextareaStdout1');","                if (!element) {","                    return;","                }","                // append text to #outputTextareaStdout1","                element.value += Array.from(arguments).map(function (arg) {","                    return typeof arg === 'string'","                        ? arg","                        : JSON.stringify(arg, null, 4);","                }).join(' ') + '\\n';","                // scroll textarea to bottom","                element.scrollTop = element.scrollHeight;","            };","        });","        // init event-handling","        ['change', 'click', 'keyup'].forEach(function (event) {","            Array.from(document.querySelectorAll('.on' + event)).forEach(function (element) {","                element.addEventListener(event, local.testRunBrowser);","            });","        });","        // run tests","        local.testRunBrowser();","        break;","","","","    // run node js-env code - post-init","    /* istanbul ignore next */","    case 'node':","        // export local","        module.exports = local;","        // require modules","        local.fs = require('fs');","        local.http = require('http');","        local.url = require('url');","        // init assets","        local.assetsDict = local.assetsDict || {};","        /* jslint-ignore-begin */","        local.assetsDict['/assets.index.template.html'] = '\\","<!doctype html>\\n\\","<html lang=\"en\">\\n\\","<head>\\n\\","<meta charset=\"UTF-8\">\\n\\","<meta name=\"viewport\" content=\"width=device-width, initial-scale=1\">\\n\\","<title>{{env.npm_package_name}} (v{{env.npm_package_version}})</title>\\n\\","<style>\\n\\","/*csslint\\n\\","    box-sizing: false,\\n\\","    universal-selector: false\\n\\","*/\\n\\","* {\\n\\","    box-sizing: border-box;\\n\\","}\\n\\","body {\\n\\","    background: #dde;\\n\\","    font-family: Arial, Helvetica, sans-serif;\\n\\","    margin: 2rem;\\n\\","}\\n\\","body > * {\\n\\","    margin-bottom: 1rem;\\n\\","}\\n\\",".utility2FooterDiv {\\n\\","    margin-top: 20px;\\n\\","    text-align: center;\\n\\","}\\n\\","</style>\\n\\","<style>\\n\\","/*csslint\\n\\","*/\\n\\","textarea {\\n\\","    font-family: monospace;\\n\\","    height: 10rem;\\n\\","    width: 100%;\\n\\","}\\n\\","textarea[readonly] {\\n\\","    background: #ddd;\\n\\","}\\n\\","</style>\\n\\","</head>\\n\\","<body>\\n\\","<!-- utility2-comment\\n\\","<div id=\"ajaxProgressDiv1\" style=\"background: #d00; height: 2px; left: 0; margin: 0; padding: 0; position: fixed; top: 0; transition: background 0.5s, width 1.5s; width: 25%;\"></div>\\n\\","utility2-comment -->\\n\\","<h1>\\n\\","<!-- utility2-comment\\n\\","    <a\\n\\","        {{#if env.npm_package_homepage}}\\n\\","        href=\"{{env.npm_package_homepage}}\"\\n\\","        {{/if env.npm_package_homepage}}\\n\\","        target=\"_blank\"\\n\\","    >\\n\\","utility2-comment -->\\n\\","        {{env.npm_package_name}} (v{{env.npm_package_version}})\\n\\","<!-- utility2-comment\\n\\","    </a>\\n\\","utility2-comment -->\\n\\","</h1>\\n\\","<h3>{{env.npm_package_description}}</h3>\\n\\","<!-- utility2-comment\\n\\","<h4><a download href=\"assets.app.js\">download standalone app</a></h4>\\n\\","<button class=\"onclick onreset\" id=\"testRunButton1\">run internal test</button><br>\\n\\","<div id=\"testReportDiv1\" style=\"display: none;\"></div>\\n\\","utility2-comment -->\\n\\","\\n\\","\\n\\","\\n\\","<label>stderr and stdout</label>\\n\\","<textarea class=\"resettable\" id=\"outputTextareaStdout1\" readonly></textarea>\\n\\","<!-- utility2-comment\\n\\","{{#if isRollup}}\\n\\","<script src=\"assets.app.js\"></script>\\n\\","{{#unless isRollup}}\\n\\","utility2-comment -->\\n\\","<script src=\"assets.utility2.rollup.js\"></script>\\n\\","<script src=\"jsonp.utility2._stateInit?callback=window.utility2._stateInit\"></script>\\n\\","<script src=\"assets.npmtest_router.rollup.js\"></script>\\n\\","<script src=\"assets.example.js\"></script>\\n\\","<script src=\"assets.test.js\"></script>\\n\\","<!-- utility2-comment\\n\\","{{/if isRollup}}\\n\\","utility2-comment -->\\n\\","<div class=\"utility2FooterDiv\">\\n\\","    [ this app was created with\\n\\","    <a href=\"https://github.com/kaizhu256/node-utility2\" target=\"_blank\">utility2</a>\\n\\","    ]\\n\\","</div>\\n\\","</body>\\n\\","</html>\\n\\","';","        /* jslint-ignore-end */","        if (local.templateRender) {","            local.assetsDict['/'] = local.templateRender(","                local.assetsDict['/assets.index.template.html'],","                {","                    env: local.objectSetDefault(local.env, {","                        npm_package_description: 'the greatest app in the world!',","                        npm_package_name: 'my-app',","                        npm_package_nameAlias: 'my_app',","                        npm_package_version: '0.0.1'","                    })","                }","            );","        } else {","            local.assetsDict['/'] = local.assetsDict['/assets.index.template.html']","                .replace((/\\{\\{env\\.(\\w+?)\\}\\}/g), function (match0, match1) {","                    // jslint-hack","                    String(match0);","                    switch (match1) {","                    case 'npm_package_description':","                        return 'the greatest app in the world!';","                    case 'npm_package_name':","                        return 'my-app';","                    case 'npm_package_nameAlias':","                        return 'my_app';","                    case 'npm_package_version':","                        return '0.0.1';","                    }","                });","        }","        // run the cli","        if (local.global.utility2_rollup || module !== require.main) {","            break;","        }","        local.assetsDict['/assets.example.js'] =","            local.assetsDict['/assets.example.js'] ||","            local.fs.readFileSync(__filename, 'utf8');","        // bug-workaround - long $npm_package_buildCustomOrg","        /* jslint-ignore-begin */","        local.assetsDict['/assets.npmtest_router.rollup.js'] =","            local.assetsDict['/assets.npmtest_router.rollup.js'] ||","            local.fs.readFileSync(","                local.npmtest_router.__dirname + '/lib.npmtest_router.js',","                'utf8'","            ).replace((/^#!/), '//');","        /* jslint-ignore-end */","        local.assetsDict['/favicon.ico'] = local.assetsDict['/favicon.ico'] || '';","        // if $npm_config_timeout_exit exists,","        // then exit this process after $npm_config_timeout_exit ms","        if (Number(process.env.npm_config_timeout_exit)) {","            setTimeout(process.exit, Number(process.env.npm_config_timeout_exit));","        }","        // start server","        if (local.global.utility2_serverHttp1) {","            break;","        }","        process.env.PORT = process.env.PORT || '8081';","        console.error('server starting on port ' + process.env.PORT);","        local.http.createServer(function (request, response) {","            request.urlParsed = local.url.parse(request.url);","            if (local.assetsDict[request.urlParsed.pathname] !== undefined) {","                response.end(local.assetsDict[request.urlParsed.pathname]);","                return;","            }","            response.statusCode = 404;","            response.end();","        }).listen(process.env.PORT);","        break;","    }","}());",""],"l":{"26":2,"28":2,"33":2,"35":2,"37":2,"38":2,"39":2,"44":1,"51":2,"55":2,"59":2,"61":2,"69":1,"70":2,"76":2,"79":2,"82":2,"83":2,"85":1,"89":2,"92":1,"93":1,"94":1,"96":1,"97":1,"100":1,"101":1,"103":1,"106":1,"108":2,"114":1,"116":1,"118":1,"123":1,"124":2,"125":2,"126":3,"127":3,"128":3,"129":3,"130":1,"133":3,"134":3,"139":3,"143":1,"144":3,"145":1,"149":1,"150":1,"158":1,"160":1,"161":1,"162":1,"164":1,"166":1,"258":1,"259":1,"271":1,"274":6,"275":6,"277":1,"279":2,"281":1,"283":2,"288":1,"289":1,"291":1,"296":1,"303":1,"306":1,"307":1,"310":1,"311":1,"313":1,"314":1,"315":1,"316":1,"317":1,"318":1,"319":1,"321":1,"322":1,"324":1}},"/home/travis/build/npmtest/node-npmtest-router/node_modules/router/index.js":{"path":"/home/travis/build/npmtest/node-npmtest-router/node_modules/router/index.js","s":{"1":1,"2":1,"3":1,"4":1,"5":1,"6":1,"7":1,"8":1,"9":1,"10":1,"11":0,"12":1,"13":1,"14":1,"15":0,"16":0,"17":0,"18":1,"19":0,"20":0,"21":0,"22":0,"23":0,"24":0,"25":0,"26":0,"27":1,"28":1,"29":0,"30":0,"31":0,"32":0,"33":0,"34":0,"35":0,"36":0,"37":0,"38":0,"39":0,"40":0,"41":0,"42":1,"43":0,"44":0,"45":0,"46":0,"47":0,"48":0,"49":0,"50":0,"51":0,"52":0,"53":0,"54":0,"55":0,"56":0,"57":0,"58":0,"59":0,"60":0,"61":0,"62":0,"63":0,"64":1,"65":0,"66":0,"67":0,"68":0,"69":0,"70":0,"71":0,"72":0,"73":0,"74":0,"75":0,"76":0,"77":0,"78":0,"79":0,"80":0,"81":0,"82":0,"83":0,"84":0,"85":0,"86":0,"87":0,"88":0,"89":0,"90":0,"91":0,"92":0,"93":0,"94":0,"95":0,"96":0,"97":0,"98":0,"99":0,"100":0,"101":0,"102":0,"103":0,"104":0,"105":0,"106":0,"107":0,"108":0,"109":0,"110":0,"111":0,"112":0,"113":0,"114":0,"115":0,"116":0,"117":1,"118":0,"119":0,"120":0,"121":0,"122":0,"123":0,"124":0,"125":0,"126":0,"127":0,"128":0,"129":0,"130":0,"131":0,"132":0,"133":0,"134":1,"135":0,"136":0,"137":0,"138":0,"139":0,"140":0,"141":0,"142":0,"143":0,"144":0,"145":0,"146":1,"147":0,"148":0,"149":0,"150":0,"151":0,"152":0,"153":0,"154":0,"155":0,"156":0,"157":0,"158":0,"159":0,"160":0,"161":0,"162":0,"163":0,"164":1,"165":0,"166":0,"167":0,"168":0,"169":0,"170":0,"171":0,"172":0,"173":0,"174":0,"175":0,"176":0,"177":1,"178":0,"179":0,"180":0,"181":0,"182":0,"183":0,"184":0,"185":0,"186":0,"187":0,"188":0,"189":0,"190":0,"191":0,"192":0,"193":0,"194":0,"195":0,"196":0,"197":0,"198":0,"199":1,"200":0,"201":0,"202":1,"203":0,"204":0,"205":0,"206":0,"207":1,"208":34,"209":0,"210":0,"211":0,"212":1,"213":0,"214":0,"215":0,"216":0,"217":1,"218":0,"219":0,"220":0,"221":1,"222":0,"223":0,"224":0,"225":0,"226":0,"227":0,"228":1,"229":0,"230":0,"231":0,"232":1,"233":0,"234":0,"235":0,"236":0,"237":0,"238":0,"239":0,"240":0,"241":0,"242":0,"243":0,"244":0,"245":0,"246":0,"247":0,"248":0,"249":1,"250":0,"251":0,"252":0,"253":0,"254":0,"255":0,"256":0,"257":0,"258":0,"259":1,"260":0,"261":0,"262":0,"263":0,"264":0,"265":0,"266":0,"267":0,"268":0,"269":1,"270":0,"271":0,"272":0,"273":1,"274":0,"275":0,"276":0,"277":0,"278":0,"279":0},"b":{"1":[1,0],"2":[0,0],"3":[0,0],"4":[0,0],"5":[0,0],"6":[0,0],"7":[0,0],"8":[0,0],"9":[0,0],"10":[0,0],"11":[0,0],"12":[0,0],"13":[0,0],"14":[0,0],"15":[0,0],"16":[0,0],"17":[0,0],"18":[0,0],"19":[0,0],"20":[0,0],"21":[0,0],"22":[0,0],"23":[0,0],"24":[0,0],"25":[0,0],"26":[0,0],"27":[0,0,0],"28":[0,0],"29":[0,0],"30":[0,0],"31":[0,0],"32":[0,0],"33":[0,0],"34":[0,0],"35":[0,0],"36":[0,0],"37":[0,0],"38":[0,0],"39":[0,0],"40":[0,0],"41":[0,0],"42":[0,0],"43":[0,0],"44":[0,0],"45":[0,0],"46":[0,0],"47":[0,0],"48":[0,0],"49":[0,0],"50":[0,0,0,0],"51":[0,0],"52":[0,0],"53":[0,0],"54":[0,0],"55":[0,0],"56":[0,0],"57":[0,0],"58":[0,0],"59":[0,0],"60":[0,0],"61":[0,0],"62":[0,0,0],"63":[0,0],"64":[0,0],"65":[0,0],"66":[0,0],"67":[0,0],"68":[0,0],"69":[0,0]},"f":{"1":0,"2":0,"3":0,"4":0,"5":0,"6":0,"7":0,"8":0,"9":0,"10":0,"11":0,"12":0,"13":0,"14":0,"15":0,"16":34,"17":0,"18":0,"19":0,"20":0,"21":0,"22":0,"23":0,"24":0,"25":0,"26":0,"27":0,"28":0,"29":0},"fnMap":{"1":{"name":"(anonymous_1)","line":34,"loc":{"start":{"line":34,"column":4},"end":{"line":34,"column":16}},"skip":true},"2":{"name":"Router","line":56,"loc":{"start":{"line":56,"column":0},"end":{"line":56,"column":25}}},"3":{"name":"router","line":63,"loc":{"start":{"line":63,"column":2},"end":{"line":63,"column":34}}},"4":{"name":"(anonymous_4)","line":84,"loc":{"start":{"line":84,"column":19},"end":{"line":84,"column":31}},"skip":true},"5":{"name":"param","line":119,"loc":{"start":{"line":119,"column":25},"end":{"line":119,"column":50}}},"6":{"name":"handle","line":153,"loc":{"start":{"line":153,"column":26},"end":{"line":153,"column":62}}},"7":{"name":"next","line":191,"loc":{"start":{"line":191,"column":2},"end":{"line":191,"column":21}}},"8":{"name":"(anonymous_8)","line":290,"loc":{"start":{"line":290,"column":54},"end":{"line":290,"column":69}}},"9":{"name":"trim_prefix","line":303,"loc":{"start":{"line":303,"column":2},"end":{"line":303,"column":59}}},"10":{"name":"process_params","line":346,"loc":{"start":{"line":346,"column":34},"end":{"line":346,"column":89}}},"11":{"name":"param","line":367,"loc":{"start":{"line":367,"column":2},"end":{"line":367,"column":22}}},"12":{"name":"paramCallback","line":407,"loc":{"start":{"line":407,"column":2},"end":{"line":407,"column":30}}},"13":{"name":"use","line":447,"loc":{"start":{"line":447,"column":23},"end":{"line":447,"column":45}}},"14":{"name":"route","line":510,"loc":{"start":{"line":510,"column":25},"end":{"line":510,"column":46}}},"15":{"name":"handle","line":519,"loc":{"start":{"line":519,"column":2},"end":{"line":519,"column":34}}},"16":{"name":"(anonymous_16)","line":530,"loc":{"start":{"line":530,"column":30},"end":{"line":530,"column":46}}},"17":{"name":"(anonymous_17)","line":531,"loc":{"start":{"line":531,"column":29},"end":{"line":531,"column":45}}},"18":{"name":"generateOptionsResponder","line":546,"loc":{"start":{"line":546,"column":0},"end":{"line":546,"column":48}}},"19":{"name":"onDone","line":547,"loc":{"start":{"line":547,"column":9},"end":{"line":547,"column":34}}},"20":{"name":"getPathname","line":563,"loc":{"start":{"line":563,"column":0},"end":{"line":563,"column":26}}},"21":{"name":"getProtohost","line":578,"loc":{"start":{"line":578,"column":0},"end":{"line":578,"column":27}}},"22":{"name":"matchLayer","line":602,"loc":{"start":{"line":602,"column":0},"end":{"line":602,"column":33}}},"23":{"name":"mergeParams","line":616,"loc":{"start":{"line":616,"column":0},"end":{"line":616,"column":37}}},"24":{"name":"restore","line":661,"loc":{"start":{"line":661,"column":0},"end":{"line":661,"column":26}}},"25":{"name":"(anonymous_25)","line":670,"loc":{"start":{"line":670,"column":9},"end":{"line":670,"column":22}}},"26":{"name":"sendOptionsResponse","line":686,"loc":{"start":{"line":686,"column":0},"end":{"line":686,"column":43}}},"27":{"name":"trySendOptionsResponse","line":711,"loc":{"start":{"line":711,"column":0},"end":{"line":711,"column":52}}},"28":{"name":"wrap","line":725,"loc":{"start":{"line":725,"column":0},"end":{"line":725,"column":23}}},"29":{"name":"proxy","line":726,"loc":{"start":{"line":726,"column":9},"end":{"line":726,"column":26}}}},"statementMap":{"1":{"start":{"line":15,"column":0},"end":{"line":15,"column":38}},"2":{"start":{"line":16,"column":0},"end":{"line":16,"column":38}},"3":{"start":{"line":17,"column":0},"end":{"line":17,"column":34}},"4":{"start":{"line":18,"column":0},"end":{"line":18,"column":32}},"5":{"start":{"line":19,"column":0},"end":{"line":19,"column":34}},"6":{"start":{"line":20,"column":0},"end":{"line":20,"column":34}},"7":{"start":{"line":21,"column":0},"end":{"line":21,"column":34}},"8":{"start":{"line":22,"column":0},"end":{"line":22,"column":46}},"9":{"start":{"line":29,"column":0},"end":{"line":29,"column":33}},"10":{"start":{"line":32,"column":0},"end":{"line":34,"column":66},"skip":true},"11":{"start":{"line":34,"column":18},"end":{"line":34,"column":65},"skip":true},"12":{"start":{"line":40,"column":0},"end":{"line":40,"column":23}},"13":{"start":{"line":46,"column":0},"end":{"line":46,"column":28}},"14":{"start":{"line":56,"column":0},"end":{"line":77,"column":1}},"15":{"start":{"line":57,"column":2},"end":{"line":59,"column":3}},"16":{"start":{"line":58,"column":4},"end":{"line":58,"column":30}},"17":{"start":{"line":61,"column":2},"end":{"line":61,"column":26}},"18":{"start":{"line":63,"column":2},"end":{"line":65,"column":3}},"19":{"start":{"line":64,"column":4},"end":{"line":64,"column":33}},"20":{"start":{"line":68,"column":2},"end":{"line":68,"column":30}},"21":{"start":{"line":70,"column":2},"end":{"line":70,"column":43}},"22":{"start":{"line":71,"column":2},"end":{"line":71,"column":39}},"23":{"start":{"line":72,"column":2},"end":{"line":72,"column":20}},"24":{"start":{"line":73,"column":2},"end":{"line":73,"column":29}},"25":{"start":{"line":74,"column":2},"end":{"line":74,"column":19}},"26":{"start":{"line":76,"column":2},"end":{"line":76,"column":15}},"27":{"start":{"line":84,"column":0},"end":{"line":84,"column":33},"skip":true},"28":{"start":{"line":119,"column":0},"end":{"line":145,"column":1}},"29":{"start":{"line":120,"column":2},"end":{"line":122,"column":3}},"30":{"start":{"line":121,"column":4},"end":{"line":121,"column":52}},"31":{"start":{"line":124,"column":2},"end":{"line":126,"column":3}},"32":{"start":{"line":125,"column":4},"end":{"line":125,"column":57}},"33":{"start":{"line":128,"column":2},"end":{"line":130,"column":3}},"34":{"start":{"line":129,"column":4},"end":{"line":129,"column":50}},"35":{"start":{"line":132,"column":2},"end":{"line":134,"column":3}},"36":{"start":{"line":133,"column":4},"end":{"line":133,"column":57}},"37":{"start":{"line":136,"column":2},"end":{"line":136,"column":32}},"38":{"start":{"line":138,"column":2},"end":{"line":140,"column":3}},"39":{"start":{"line":139,"column":4},"end":{"line":139,"column":35}},"40":{"start":{"line":142,"column":2},"end":{"line":142,"column":17}},"41":{"start":{"line":144,"column":2},"end":{"line":144,"column":13}},"42":{"start":{"line":153,"column":0},"end":{"line":338,"column":1}},"43":{"start":{"line":154,"column":2},"end":{"line":156,"column":3}},"44":{"start":{"line":155,"column":4},"end":{"line":155,"column":56}},"45":{"start":{"line":158,"column":2},"end":{"line":158,"column":49}},"46":{"start":{"line":160,"column":2},"end":{"line":160,"column":13}},"47":{"start":{"line":161,"column":2},"end":{"line":161,"column":13}},"48":{"start":{"line":162,"column":2},"end":{"line":162,"column":45}},"49":{"start":{"line":163,"column":2},"end":{"line":163,"column":18}},"50":{"start":{"line":164,"column":2},"end":{"line":164,"column":17}},"51":{"start":{"line":165,"column":2},"end":{"line":165,"column":24}},"52":{"start":{"line":166,"column":2},"end":{"line":166,"column":22}},"53":{"start":{"line":169,"column":2},"end":{"line":169,"column":24}},"54":{"start":{"line":172,"column":2},"end":{"line":172,"column":31}},"55":{"start":{"line":173,"column":2},"end":{"line":173,"column":35}},"56":{"start":{"line":174,"column":2},"end":{"line":174,"column":64}},"57":{"start":{"line":177,"column":2},"end":{"line":177,"column":17}},"58":{"start":{"line":180,"column":2},"end":{"line":183,"column":3}},"59":{"start":{"line":181,"column":4},"end":{"line":181,"column":16}},"60":{"start":{"line":182,"column":4},"end":{"line":182,"column":61}},"61":{"start":{"line":186,"column":2},"end":{"line":186,"column":25}},"62":{"start":{"line":187,"column":2},"end":{"line":187,"column":46}},"63":{"start":{"line":189,"column":2},"end":{"line":189,"column":8}},"64":{"start":{"line":191,"column":2},"end":{"line":301,"column":3}},"65":{"start":{"line":192,"column":4},"end":{"line":194,"column":11}},"66":{"start":{"line":197,"column":4},"end":{"line":200,"column":5}},"67":{"start":{"line":198,"column":6},"end":{"line":198,"column":33}},"68":{"start":{"line":199,"column":6},"end":{"line":199,"column":24}},"69":{"start":{"line":203,"column":4},"end":{"line":207,"column":5}},"70":{"start":{"line":204,"column":6},"end":{"line":204,"column":29}},"71":{"start":{"line":205,"column":6},"end":{"line":205,"column":70}},"72":{"start":{"line":206,"column":6},"end":{"line":206,"column":18}},"73":{"start":{"line":210,"column":4},"end":{"line":213,"column":5}},"74":{"start":{"line":211,"column":6},"end":{"line":211,"column":23}},"75":{"start":{"line":212,"column":6},"end":{"line":212,"column":12}},"76":{"start":{"line":216,"column":4},"end":{"line":219,"column":5}},"77":{"start":{"line":217,"column":6},"end":{"line":217,"column":29}},"78":{"start":{"line":218,"column":6},"end":{"line":218,"column":12}},"79":{"start":{"line":222,"column":4},"end":{"line":222,"column":31}},"80":{"start":{"line":224,"column":4},"end":{"line":226,"column":5}},"81":{"start":{"line":225,"column":6},"end":{"line":225,"column":29}},"82":{"start":{"line":229,"column":4},"end":{"line":229,"column":13}},"83":{"start":{"line":230,"column":4},"end":{"line":230,"column":13}},"84":{"start":{"line":231,"column":4},"end":{"line":231,"column":13}},"85":{"start":{"line":233,"column":4},"end":{"line":271,"column":5}},"86":{"start":{"line":234,"column":6},"end":{"line":234,"column":26}},"87":{"start":{"line":235,"column":6},"end":{"line":235,"column":37}},"88":{"start":{"line":236,"column":6},"end":{"line":236,"column":25}},"89":{"start":{"line":238,"column":6},"end":{"line":241,"column":7}},"90":{"start":{"line":240,"column":8},"end":{"line":240,"column":40}},"91":{"start":{"line":243,"column":6},"end":{"line":245,"column":7}},"92":{"start":{"line":244,"column":8},"end":{"line":244,"column":16}},"93":{"start":{"line":247,"column":6},"end":{"line":250,"column":7}},"94":{"start":{"line":249,"column":8},"end":{"line":249,"column":16}},"95":{"start":{"line":252,"column":6},"end":{"line":256,"column":7}},"96":{"start":{"line":254,"column":8},"end":{"line":254,"column":21}},"97":{"start":{"line":255,"column":8},"end":{"line":255,"column":16}},"98":{"start":{"line":258,"column":6},"end":{"line":258,"column":30}},"99":{"start":{"line":259,"column":6},"end":{"line":259,"column":52}},"100":{"start":{"line":262,"column":6},"end":{"line":264,"column":7}},"101":{"start":{"line":263,"column":8},"end":{"line":263,"column":53}},"102":{"start":{"line":267,"column":6},"end":{"line":270,"column":7}},"103":{"start":{"line":268,"column":8},"end":{"line":268,"column":21}},"104":{"start":{"line":269,"column":8},"end":{"line":269,"column":16}},"105":{"start":{"line":274,"column":4},"end":{"line":276,"column":5}},"106":{"start":{"line":275,"column":6},"end":{"line":275,"column":29}},"107":{"start":{"line":279,"column":4},"end":{"line":281,"column":5}},"108":{"start":{"line":280,"column":6},"end":{"line":280,"column":23}},"109":{"start":{"line":284,"column":4},"end":{"line":286,"column":20}},"110":{"start":{"line":287,"column":4},"end":{"line":287,"column":30}},"111":{"start":{"line":290,"column":4},"end":{"line":300,"column":6}},"112":{"start":{"line":291,"column":6},"end":{"line":293,"column":7}},"113":{"start":{"line":292,"column":8},"end":{"line":292,"column":38}},"114":{"start":{"line":295,"column":6},"end":{"line":297,"column":7}},"115":{"start":{"line":296,"column":8},"end":{"line":296,"column":51}},"116":{"start":{"line":299,"column":6},"end":{"line":299,"column":53}},"117":{"start":{"line":303,"column":2},"end":{"line":337,"column":3}},"118":{"start":{"line":304,"column":4},"end":{"line":328,"column":5}},"119":{"start":{"line":306,"column":6},"end":{"line":306,"column":36}},"120":{"start":{"line":307,"column":6},"end":{"line":310,"column":7}},"121":{"start":{"line":308,"column":8},"end":{"line":308,"column":24}},"122":{"start":{"line":309,"column":8},"end":{"line":309,"column":14}},"123":{"start":{"line":314,"column":6},"end":{"line":314,"column":63}},"124":{"start":{"line":315,"column":6},"end":{"line":315,"column":25}},"125":{"start":{"line":316,"column":6},"end":{"line":316,"column":77}},"126":{"start":{"line":319,"column":6},"end":{"line":322,"column":7}},"127":{"start":{"line":320,"column":8},"end":{"line":320,"column":31}},"128":{"start":{"line":321,"column":8},"end":{"line":321,"column":25}},"129":{"start":{"line":325,"column":6},"end":{"line":327,"column":18}},"130":{"start":{"line":330,"column":4},"end":{"line":330,"column":63}},"131":{"start":{"line":332,"column":4},"end":{"line":336,"column":5}},"132":{"start":{"line":333,"column":6},"end":{"line":333,"column":52}},"133":{"start":{"line":335,"column":6},"end":{"line":335,"column":42}},"134":{"start":{"line":346,"column":0},"end":{"line":430,"column":1}},"135":{"start":{"line":347,"column":2},"end":{"line":347,"column":26}},"136":{"start":{"line":350,"column":2},"end":{"line":350,"column":23}},"137":{"start":{"line":353,"column":2},"end":{"line":355,"column":3}},"138":{"start":{"line":354,"column":4},"end":{"line":354,"column":17}},"139":{"start":{"line":357,"column":2},"end":{"line":357,"column":11}},"140":{"start":{"line":358,"column":2},"end":{"line":358,"column":10}},"141":{"start":{"line":359,"column":2},"end":{"line":359,"column":20}},"142":{"start":{"line":360,"column":2},"end":{"line":360,"column":9}},"143":{"start":{"line":361,"column":2},"end":{"line":361,"column":14}},"144":{"start":{"line":362,"column":2},"end":{"line":362,"column":20}},"145":{"start":{"line":363,"column":2},"end":{"line":363,"column":17}},"146":{"start":{"line":367,"column":2},"end":{"line":404,"column":3}},"147":{"start":{"line":368,"column":4},"end":{"line":370,"column":5}},"148":{"start":{"line":369,"column":6},"end":{"line":369,"column":22}},"149":{"start":{"line":372,"column":4},"end":{"line":374,"column":5}},"150":{"start":{"line":373,"column":6},"end":{"line":373,"column":19}},"151":{"start":{"line":376,"column":4},"end":{"line":376,"column":18}},"152":{"start":{"line":377,"column":4},"end":{"line":377,"column":19}},"153":{"start":{"line":378,"column":4},"end":{"line":378,"column":19}},"154":{"start":{"line":379,"column":4},"end":{"line":379,"column":31}},"155":{"start":{"line":380,"column":4},"end":{"line":380,"column":33}},"156":{"start":{"line":381,"column":4},"end":{"line":381,"column":30}},"157":{"start":{"line":383,"column":4},"end":{"line":385,"column":5}},"158":{"start":{"line":384,"column":6},"end":{"line":384,"column":20}},"159":{"start":{"line":388,"column":4},"end":{"line":395,"column":5}},"160":{"start":{"line":391,"column":6},"end":{"line":391,"column":42}},"161":{"start":{"line":394,"column":6},"end":{"line":394,"column":37}},"162":{"start":{"line":397,"column":4},"end":{"line":401,"column":5}},"163":{"start":{"line":403,"column":4},"end":{"line":403,"column":19}},"164":{"start":{"line":407,"column":2},"end":{"line":427,"column":3}},"165":{"start":{"line":408,"column":4},"end":{"line":408,"column":41}},"166":{"start":{"line":411,"column":4},"end":{"line":411,"column":44}},"167":{"start":{"line":413,"column":4},"end":{"line":418,"column":5}},"168":{"start":{"line":415,"column":6},"end":{"line":415,"column":29}},"169":{"start":{"line":416,"column":6},"end":{"line":416,"column":16}},"170":{"start":{"line":417,"column":6},"end":{"line":417,"column":12}},"171":{"start":{"line":420,"column":4},"end":{"line":420,"column":27}},"172":{"start":{"line":420,"column":13},"end":{"line":420,"column":27}},"173":{"start":{"line":422,"column":4},"end":{"line":426,"column":5}},"174":{"start":{"line":423,"column":6},"end":{"line":423,"column":53}},"175":{"start":{"line":425,"column":6},"end":{"line":425,"column":22}},"176":{"start":{"line":429,"column":2},"end":{"line":429,"column":9}},"177":{"start":{"line":447,"column":0},"end":{"line":495,"column":1}},"178":{"start":{"line":448,"column":2},"end":{"line":448,"column":16}},"179":{"start":{"line":449,"column":2},"end":{"line":449,"column":16}},"180":{"start":{"line":453,"column":2},"end":{"line":465,"column":3}},"181":{"start":{"line":454,"column":4},"end":{"line":454,"column":21}},"182":{"start":{"line":456,"column":4},"end":{"line":458,"column":5}},"183":{"start":{"line":457,"column":6},"end":{"line":457,"column":18}},"184":{"start":{"line":461,"column":4},"end":{"line":464,"column":5}},"185":{"start":{"line":462,"column":6},"end":{"line":462,"column":16}},"186":{"start":{"line":463,"column":6},"end":{"line":463,"column":20}},"187":{"start":{"line":467,"column":2},"end":{"line":467,"column":56}},"188":{"start":{"line":469,"column":2},"end":{"line":471,"column":3}},"189":{"start":{"line":470,"column":4},"end":{"line":470,"column":55}},"190":{"start":{"line":473,"column":2},"end":{"line":492,"column":3}},"191":{"start":{"line":474,"column":4},"end":{"line":474,"column":25}},"192":{"start":{"line":476,"column":4},"end":{"line":478,"column":5}},"193":{"start":{"line":477,"column":6},"end":{"line":477,"column":64}},"194":{"start":{"line":481,"column":4},"end":{"line":481,"column":54}},"195":{"start":{"line":483,"column":4},"end":{"line":487,"column":10}},"196":{"start":{"line":489,"column":4},"end":{"line":489,"column":27}},"197":{"start":{"line":491,"column":4},"end":{"line":491,"column":26}},"198":{"start":{"line":494,"column":2},"end":{"line":494,"column":13}},"199":{"start":{"line":510,"column":0},"end":{"line":527,"column":1}},"200":{"start":{"line":511,"column":2},"end":{"line":511,"column":29}},"201":{"start":{"line":513,"column":2},"end":{"line":517,"column":12}},"202":{"start":{"line":519,"column":2},"end":{"line":521,"column":3}},"203":{"start":{"line":520,"column":4},"end":{"line":520,"column":34}},"204":{"start":{"line":523,"column":2},"end":{"line":523,"column":21}},"205":{"start":{"line":525,"column":2},"end":{"line":525,"column":24}},"206":{"start":{"line":526,"column":2},"end":{"line":526,"column":14}},"207":{"start":{"line":530,"column":0},"end":{"line":536,"column":2}},"208":{"start":{"line":531,"column":2},"end":{"line":535,"column":3}},"209":{"start":{"line":532,"column":4},"end":{"line":532,"column":32}},"210":{"start":{"line":533,"column":4},"end":{"line":533,"column":56}},"211":{"start":{"line":534,"column":4},"end":{"line":534,"column":15}},"212":{"start":{"line":546,"column":0},"end":{"line":554,"column":1}},"213":{"start":{"line":547,"column":2},"end":{"line":553,"column":3}},"214":{"start":{"line":548,"column":4},"end":{"line":550,"column":5}},"215":{"start":{"line":549,"column":6},"end":{"line":549,"column":20}},"216":{"start":{"line":552,"column":4},"end":{"line":552,"column":44}},"217":{"start":{"line":563,"column":0},"end":{"line":569,"column":1}},"218":{"start":{"line":564,"column":2},"end":{"line":568,"column":3}},"219":{"start":{"line":565,"column":4},"end":{"line":565,"column":34}},"220":{"start":{"line":567,"column":4},"end":{"line":567,"column":21}},"221":{"start":{"line":578,"column":0},"end":{"line":592,"column":1}},"222":{"start":{"line":579,"column":2},"end":{"line":581,"column":3}},"223":{"start":{"line":580,"column":4},"end":{"line":580,"column":20}},"224":{"start":{"line":583,"column":2},"end":{"line":583,"column":36}},"225":{"start":{"line":584,"column":2},"end":{"line":586,"column":16}},"226":{"start":{"line":587,"column":2},"end":{"line":587,"column":58}},"227":{"start":{"line":589,"column":2},"end":{"line":591,"column":15}},"228":{"start":{"line":602,"column":0},"end":{"line":608,"column":1}},"229":{"start":{"line":603,"column":2},"end":{"line":607,"column":3}},"230":{"start":{"line":604,"column":4},"end":{"line":604,"column":29}},"231":{"start":{"line":606,"column":4},"end":{"line":606,"column":15}},"232":{"start":{"line":616,"column":0},"end":{"line":653,"column":1}},"233":{"start":{"line":617,"column":2},"end":{"line":619,"column":3}},"234":{"start":{"line":618,"column":4},"end":{"line":618,"column":17}},"235":{"start":{"line":622,"column":2},"end":{"line":622,"column":29}},"236":{"start":{"line":625,"column":2},"end":{"line":627,"column":3}},"237":{"start":{"line":626,"column":4},"end":{"line":626,"column":29}},"238":{"start":{"line":629,"column":2},"end":{"line":629,"column":11}},"239":{"start":{"line":630,"column":2},"end":{"line":630,"column":11}},"240":{"start":{"line":633,"column":2},"end":{"line":635,"column":3}},"241":{"start":{"line":634,"column":4},"end":{"line":634,"column":7}},"242":{"start":{"line":638,"column":2},"end":{"line":640,"column":3}},"243":{"start":{"line":639,"column":4},"end":{"line":639,"column":7}},"244":{"start":{"line":643,"column":2},"end":{"line":650,"column":3}},"245":{"start":{"line":644,"column":4},"end":{"line":644,"column":29}},"246":{"start":{"line":647,"column":4},"end":{"line":649,"column":5}},"247":{"start":{"line":648,"column":6},"end":{"line":648,"column":22}},"248":{"start":{"line":652,"column":2},"end":{"line":652,"column":27}},"249":{"start":{"line":661,"column":0},"end":{"line":678,"column":1}},"250":{"start":{"line":662,"column":2},"end":{"line":662,"column":45}},"251":{"start":{"line":663,"column":2},"end":{"line":663,"column":44}},"252":{"start":{"line":665,"column":2},"end":{"line":668,"column":3}},"253":{"start":{"line":666,"column":4},"end":{"line":666,"column":31}},"254":{"start":{"line":667,"column":4},"end":{"line":667,"column":27}},"255":{"start":{"line":670,"column":2},"end":{"line":677,"column":3}},"256":{"start":{"line":672,"column":4},"end":{"line":674,"column":5}},"257":{"start":{"line":673,"column":6},"end":{"line":673,"column":29}},"258":{"start":{"line":676,"column":4},"end":{"line":676,"column":36}},"259":{"start":{"line":686,"column":0},"end":{"line":703,"column":1}},"260":{"start":{"line":687,"column":2},"end":{"line":687,"column":35}},"261":{"start":{"line":690,"column":2},"end":{"line":692,"column":3}},"262":{"start":{"line":691,"column":4},"end":{"line":691,"column":30}},"263":{"start":{"line":695,"column":2},"end":{"line":695,"column":52}},"264":{"start":{"line":698,"column":2},"end":{"line":698,"column":31}},"265":{"start":{"line":699,"column":2},"end":{"line":699,"column":59}},"266":{"start":{"line":700,"column":2},"end":{"line":700,"column":45}},"267":{"start":{"line":701,"column":2},"end":{"line":701,"column":52}},"268":{"start":{"line":702,"column":2},"end":{"line":702,"column":16}},"269":{"start":{"line":711,"column":0},"end":{"line":717,"column":1}},"270":{"start":{"line":712,"column":2},"end":{"line":716,"column":3}},"271":{"start":{"line":713,"column":4},"end":{"line":713,"column":37}},"272":{"start":{"line":715,"column":4},"end":{"line":715,"column":13}},"273":{"start":{"line":725,"column":0},"end":{"line":736,"column":1}},"274":{"start":{"line":726,"column":2},"end":{"line":735,"column":3}},"275":{"start":{"line":727,"column":4},"end":{"line":727,"column":46}},"276":{"start":{"line":729,"column":4},"end":{"line":729,"column":17}},"277":{"start":{"line":730,"column":4},"end":{"line":732,"column":5}},"278":{"start":{"line":731,"column":6},"end":{"line":731,"column":32}},"279":{"start":{"line":734,"column":4},"end":{"line":734,"column":24}}},"branchMap":{"1":{"line":32,"type":"cond-expr","locations":[{"start":{"line":33,"column":4},"end":{"line":33,"column":16},"skip":true},{"start":{"line":34,"column":4},"end":{"line":34,"column":66},"skip":true}]},"2":{"line":57,"type":"if","locations":[{"start":{"line":57,"column":2},"end":{"line":57,"column":2}},{"start":{"line":57,"column":2},"end":{"line":57,"column":2}}]},"3":{"line":61,"type":"binary-expr","locations":[{"start":{"line":61,"column":13},"end":{"line":61,"column":20}},{"start":{"line":61,"column":24},"end":{"line":61,"column":26}}]},"4":{"line":120,"type":"if","locations":[{"start":{"line":120,"column":2},"end":{"line":120,"column":2}},{"start":{"line":120,"column":2},"end":{"line":120,"column":2}}]},"5":{"line":124,"type":"if","locations":[{"start":{"line":124,"column":2},"end":{"line":124,"column":2}},{"start":{"line":124,"column":2},"end":{"line":124,"column":2}}]},"6":{"line":128,"type":"if","locations":[{"start":{"line":128,"column":2},"end":{"line":128,"column":2}},{"start":{"line":128,"column":2},"end":{"line":128,"column":2}}]},"7":{"line":132,"type":"if","locations":[{"start":{"line":132,"column":2},"end":{"line":132,"column":2}},{"start":{"line":132,"column":2},"end":{"line":132,"column":2}}]},"8":{"line":138,"type":"if","locations":[{"start":{"line":138,"column":2},"end":{"line":138,"column":2}},{"start":{"line":138,"column":2},"end":{"line":138,"column":2}}]},"9":{"line":154,"type":"if","locations":[{"start":{"line":154,"column":2},"end":{"line":154,"column":2}},{"start":{"line":154,"column":2},"end":{"line":154,"column":2}}]},"10":{"line":162,"type":"binary-expr","locations":[{"start":{"line":162,"column":18},"end":{"line":162,"column":39}},{"start":{"line":162,"column":43},"end":{"line":162,"column":45}}]},"11":{"line":173,"type":"binary-expr","locations":[{"start":{"line":173,"column":18},"end":{"line":173,"column":29}},{"start":{"line":173,"column":33},"end":{"line":173,"column":35}}]},"12":{"line":180,"type":"if","locations":[{"start":{"line":180,"column":2},"end":{"line":180,"column":2}},{"start":{"line":180,"column":2},"end":{"line":180,"column":2}}]},"13":{"line":187,"type":"binary-expr","locations":[{"start":{"line":187,"column":20},"end":{"line":187,"column":35}},{"start":{"line":187,"column":39},"end":{"line":187,"column":46}}]},"14":{"line":192,"type":"cond-expr","locations":[{"start":{"line":193,"column":8},"end":{"line":193,"column":12}},{"start":{"line":194,"column":8},"end":{"line":194,"column":11}}]},"15":{"line":197,"type":"if","locations":[{"start":{"line":197,"column":4},"end":{"line":197,"column":4}},{"start":{"line":197,"column":4},"end":{"line":197,"column":4}}]},"16":{"line":203,"type":"if","locations":[{"start":{"line":203,"column":4},"end":{"line":203,"column":4}},{"start":{"line":203,"column":4},"end":{"line":203,"column":4}}]},"17":{"line":210,"type":"if","locations":[{"start":{"line":210,"column":4},"end":{"line":210,"column":4}},{"start":{"line":210,"column":4},"end":{"line":210,"column":4}}]},"18":{"line":216,"type":"if","locations":[{"start":{"line":216,"column":4},"end":{"line":216,"column":4}},{"start":{"line":216,"column":4},"end":{"line":216,"column":4}}]},"19":{"line":224,"type":"if","locations":[{"start":{"line":224,"column":4},"end":{"line":224,"column":4}},{"start":{"line":224,"column":4},"end":{"line":224,"column":4}}]},"20":{"line":233,"type":"binary-expr","locations":[{"start":{"line":233,"column":11},"end":{"line":233,"column":25}},{"start":{"line":233,"column":29},"end":{"line":233,"column":47}}]},"21":{"line":238,"type":"if","locations":[{"start":{"line":238,"column":6},"end":{"line":238,"column":6}},{"start":{"line":238,"column":6},"end":{"line":238,"column":6}}]},"22":{"line":240,"type":"binary-expr","locations":[{"start":{"line":240,"column":21},"end":{"line":240,"column":31}},{"start":{"line":240,"column":35},"end":{"line":240,"column":40}}]},"23":{"line":243,"type":"if","locations":[{"start":{"line"
[...]
","/**"," * Expose `Layer`."," */","","module.exports = Layer","","function Layer(path, options, fn) {","  if (!(this instanceof Layer)) {","    return new Layer(path, options, fn)","  }","","  debug('new %o', path)","  var opts = options || {}","","  this.handle = fn","  this.name = fn.name || '<anonymous>'","  this.params = undefined","  this.path = undefined","  this.regexp = pathRegexp(path, this.keys = [], opts)","","  // set fast path flags","  this.regexp.fast_star = path === '*'","  this.regexp.fast_slash = path === '/' && opts.end === false","}","","/**"," * Handle the error for the layer."," *"," * @param {Error} error"," * @param {Request} req"," * @param {Response} res"," * @param {function} next"," * @api private"," */","","Layer.prototype.handle_error = function handle_error(error, req, res, next) {","  var fn = this.handle","","  if (fn.length !== 4) {","    // not a standard error handler","    return next(error)","  }","","  try {","    fn(error, req, res, next)","  } catch (err) {","    next(err)","  }","}","","/**"," * Handle the request for the layer."," *"," * @param {Request} req"," * @param {Response} res"," * @param {function} next"," * @api private"," */","","Layer.prototype.handle_request = function handle(req, res, next) {","  var fn = this.handle","","  if (fn.length > 3) {","    // not a standard request handler","    return next()","  }","","  try {","    fn(req, res, next)","  } catch (err) {","    next(err)","  }","}","","/**"," * Check if this route matches `path`, if so"," * populate `.params`."," *"," * @param {String} path"," * @return {Boolean}"," * @api private"," */","","Layer.prototype.match = function match(path) {","  var match","","  if (path != null) {","    // fast path non-ending match for / (any path matches)","    if (this.regexp.fast_slash) {","      this.params = {}","      this.path = ''","      return true","    }","","    // fast path for * (everything matched in a param)","    if (this.regexp.fast_star) {","      this.params = {'0': decode_param(path)}","      this.path = path","      return true","    }","","    // match the path","    match = this.regexp.exec(path)","  }","","  if (!match) {","    this.params = undefined","    this.path = undefined","    return false","  }","","  // store values","  this.params = {}","  this.path = match[0]","","  // iterate matches","  var keys = this.keys","  var params = this.params","","  for (var i = 1; i < match.length; i++) {","    var key = keys[i - 1]","    var prop = key.name","    var val = decode_param(match[i])","","    if (val !== undefined || !(hasOwnProperty.call(params, prop))) {","      params[prop] = val","    }","  }","","  return true","}","","/**"," * Decode param value."," *"," * @param {string} val"," * @return {string}"," * @private"," */","","function decode_param(val){","  if (typeof val !== 'string' || val.length === 0) {","    return val","  }","","  try {","    return decodeURIComponent(val)","  } catch (err) {","    if (err instanceof URIError) {","      err.message = 'Failed to decode param \\'' + val + '\\''","      err.status = 400","    }","","    throw err","  }","}",""],"l":{"15":1,"16":1,"23":1,"29":1,"31":1,"32":0,"33":0,"36":0,"37":0,"39":0,"40":0,"41":0,"42":0,"43":0,"46":0,"47":0,"60":1,"61":0,"63":0,"65":0,"68":0,"69":0,"71":0,"84":1,"85":0,"87":0,"89":0,"92":0,"93":0,"95":0,"108":1,"109":0,"111":0,"113":0,"114":0,"115":0,"116":0,"120":0,"121":0,"122":0,"123":0,"127":0,"130":0,"131":0,"132":0,"133":0,"137":0,"138":0,"141":0,"142":0,"144":0,"145":0,"146":0,"147":0,"149":0,"150":0,"154":0,"165":1,"166":0,"167":0,"170":0,"171":0,"173":0,"174":0,"175":0,"178":0}},"/home/travis/build/npmtest/node-npmtest-router/node_modules/router/lib/route.js":{"path":"/home/travis/build/npmtest/node-npmtest-router/node_modules/router/lib/route.js","s":{"1":1,"2":1,"3":1,"4":1,"5":1,"6":1,"7":1,"8":0,"9":0,"10":0,"11":0,"12":1,"13":0,"14":0,"15":0,"16":0,"17":0,"18":0,"19":1,"20":0,"21":0,"22":0,"23":0,"24":0,"25":0,"26":1,"27":0,"28":0,"29":0,"30":0,"31":0,"32":0,"33":0,"34":0,"35":0,"36":1,"37":0,"38":0,"39":0,"40":0,"41":0,"42":0,"43":0,"44":0,"45":0,"46":0,"47":0,"48":0,"49":0,"50":0,"51":0,"52":0,"53":1,"54":0,"55":0,"56":0,"57":0,"58":0,"59":0,"60":0,"61":0,"62":0,"63":0,"64":0,"65":0,"66":1,"67":33,"68":0,"69":0,"70":0,"71":0,"72":0,"73":0,"74":0,"75":0,"76":0,"77":0,"78":0,"79":0,"80":0},"b":{"1":[0,0],"2":[0,0],"3":[0,0],"4":[0,0],"5":[0,0],"6":[0,0],"7":[0,0],"8":[0,0],"9":[0,0],"10":[0,0],"11":[0,0],"12":[0,0],"13":[0,0],"14":[0,0],"15":[0,0],"16":[0,0],"17":[0,0],"18":[0,0],"19":[0,0],"20":[0,0],"21":[0,0]},"f":{"1":0,"2":0,"3":0,"4":0,"5":0,"6":0,"7":33,"8":0},"fnMap":{"1":{"name":"Route","line":40,"loc":{"start":{"line":40,"column":0},"end":{"line":40,"column":21}}},"2":{"name":"_handles_method","line":53,"loc":{"start":{"line":53,"column":34},"end":{"line":53,"column":67}}},"3":{"name":"_methods","line":73,"loc":{"start":{"line":73,"column":27},"end":{"line":73,"column":47}}},"4":{"name":"dispatch","line":95,"loc":{"start":{"line":95,"column":27},"end":{"line":95,"column":61}}},"5":{"name":"next","line":111,"loc":{"start":{"line":111,"column":2},"end":{"line":111,"column":21}}},"6":{"name":"all","line":177,"loc":{"start":{"line":177,"column":22},"end":{"line":177,"column":44}}},"7":{"name":"(anonymous_7)","line":201,"loc":{"start":{"line":201,"column":16},"end":{"line":201,"column":34}}},"8":{"name":"(anonymous_8)","line":202,"loc":{"start":{"line":202,"column":28},"end":{"line":202,"column":47}}}},"statementMap":{"1":{"start":{"line":15,"column":0},"end":{"line":15,"column":44}},"2":{"start":{"line":16,"column":0},"end":{"line":16,"column":38}},"3":{"start":{"line":17,"column":0},"end":{"line":17,"column":30}},"4":{"start":{"line":18,"column":0},"end":{"line":18,"column":32}},"5":{"start":{"line":25,"column":0},"end":{"line":25,"column":33}},"6":{"start":{"line":31,"column":0},"end":{"line":31,"column":22}},"7":{"start":{"line":40,"column":0},"end":{"line":47,"column":1}},"8":{"start":{"line":41,"column":2},"end":{"line":41,"column":23}},"9":{"start":{"line":42,"column":2},"end":{"line":42,"column":18}},"10":{"start":{"line":43,"column":2},"end":{"line":43,"column":17}},"11":{"start":{"line":46,"column":2},"end":{"line":46,"column":19}},"12":{"start":{"line":53,"column":0},"end":{"line":66,"column":1}},"13":{"start":{"line":54,"column":2},"end":{"line":56,"column":3}},"14":{"start":{"line":55,"column":4},"end":{"line":55,"column":15}},"15":{"start":{"line":59,"column":2},"end":{"line":59,"column":33}},"16":{"start":{"line":61,"column":2},"end":{"line":63,"column":3}},"17":{"start":{"line":62,"column":4},"end":{"line":62,"column":16}},"18":{"start":{"line":65,"column":2},"end":{"line":65,"column":36}},"19":{"start":{"line":73,"column":0},"end":{"line":87,"column":1}},"20":{"start":{"line":74,"column":2},"end":{"line":74,"column":41}},"21":{"start":{"line":77,"column":2},"end":{"line":79,"column":3}},"22":{"start":{"line":78,"column":4},"end":{"line":78,"column":24}},"23":{"start":{"line":81,"column":2},"end":{"line":84,"column":3}},"24":{"start":{"line":83,"column":4},"end":{"line":83,"column":41}},"25":{"start":{"line":86,"column":2},"end":{"line":86,"column":16}},"26":{"start":{"line":95,"column":0},"end":{"line":147,"column":1}},"27":{"start":{"line":96,"column":2},"end":{"line":96,"column":13}},"28":{"start":{"line":97,"column":2},"end":{"line":97,"column":24}},"29":{"start":{"line":98,"column":2},"end":{"line":100,"column":3}},"30":{"start":{"line":99,"column":4},"end":{"line":99,"column":17}},"31":{"start":{"line":102,"column":2},"end":{"line":102,"column":39}},"32":{"start":{"line":103,"column":2},"end":{"line":105,"column":3}},"33":{"start":{"line":104,"column":4},"end":{"line":104,"column":18}},"34":{"start":{"line":107,"column":2},"end":{"line":107,"column":18}},"35":{"start":{"line":109,"column":2},"end":{"line":109,"column":8}},"36":{"start":{"line":111,"column":2},"end":{"line":146,"column":3}},"37":{"start":{"line":113,"column":4},"end":{"line":115,"column":5}},"38":{"start":{"line":114,"column":6},"end":{"line":114,"column":19}},"39":{"start":{"line":118,"column":4},"end":{"line":120,"column":5}},"40":{"start":{"line":119,"column":6},"end":{"line":119,"column":22}},"41":{"start":{"line":123,"column":4},"end":{"line":125,"column":5}},"42":{"start":{"line":124,"column":6},"end":{"line":124,"column":22}},"43":{"start":{"line":127,"column":4},"end":{"line":127,"column":13}},"44":{"start":{"line":128,"column":4},"end":{"line":128,"column":13}},"45":{"start":{"line":131,"column":4},"end":{"line":134,"column":5}},"46":{"start":{"line":132,"column":6},"end":{"line":132,"column":26}},"47":{"start":{"line":133,"column":6},"end":{"line":133,"column":54}},"48":{"start":{"line":137,"column":4},"end":{"line":139,"column":5}},"49":{"start":{"line":138,"column":6},"end":{"line":138,"column":22}},"50":{"start":{"line":141,"column":4},"end":{"line":145,"column":5}},"51":{"start":{"line":142,"column":6},"end":{"line":142,"column":45}},"52":{"start":{"line":144,"column":6},"end":{"line":144,"column":42}},"53":{"start":{"line":177,"column":0},"end":{"line":199,"column":1}},"54":{"start":{"line":178,"column":2},"end":{"line":178,"column":48}},"55":{"start":{"line":180,"column":2},"end":{"line":182,"column":3}},"56":{"start":{"line":181,"column":4},"end":{"line":181,"column":55}},"57":{"start":{"line":184,"column":2},"end":{"line":196,"column":3}},"58":{"start":{"line":185,"column":4},"end":{"line":185,"column":25}},"59":{"start":{"line":187,"column":4},"end":{"line":189,"column":5}},"60":{"start":{"line":188,"column":6},"end":{"line":188,"column":64}},"61":{"start":{"line":191,"column":4},"end":{"line":191,"column":34}},"62":{"start":{"line":192,"column":4},"end":{"line":192,"column":28}},"63":{"start":{"line":194,"column":4},"end":{"line":194,"column":28}},"64":{"start":{"line":195,"column":4},"end":{"line":195,"column":26}},"65":{"start":{"line":198,"column":2},"end":{"line":198,"column":13}},"66":{"start":{"line":201,"column":0},"end":{"line":227,"column":2}},"67":{"start":{"line":202,"column":2},"end":{"line":226,"column":3}},"68":{"start":{"line":203,"column":4},"end":{"line":203,"column":50}},"69":{"start":{"line":205,"column":4},"end":{"line":207,"column":5}},"70":{"start":{"line":206,"column":6},"end":{"line":206,"column":57}},"71":{"start":{"line":209,"column":4},"end":{"line":223,"column":5}},"72":{"start":{"line":210,"column":6},"end":{"line":210,"column":27}},"73":{"start":{"line":212,"column":6},"end":{"line":214,"column":7}},"74":{"start":{"line":213,"column":8},"end":{"line":213,"column":66}},"75":{"start":{"line":216,"column":6},"end":{"line":216,"column":39}},"76":{"start":{"line":218,"column":6},"end":{"line":218,"column":36}},"77":{"start":{"line":219,"column":6},"end":{"line":219,"column":27}},"78":{"start":{"line":221,"column":6},"end":{"line":221,"column":33}},"79":{"start":{"line":222,"column":6},"end":{"line":222,"column":28}},"80":{"start":{"line":225,"column":4},"end":{"line":225,"column":15}}},"branchMap":{"1":{"line":54,"type":"if","locations":[{"start":{"line":54,"column":2},"end":{"line":54,"column":2}},{"start":{"line":54,"column":2},"end":{"line":54,"column":2}}]},"2":{"line":61,"type":"if","locations":[{"start":{"line":61,"column":2},"end":{"line":61,"column":2}},{"start":{"line":61,"column":2},"end":{"line":61,"column":2}}]},"3":{"line":61,"type":"binary-expr","locations":[{"start":{"line":61,"column":6},"end":{"line":61,"column":21}},{"start":{"line":61,"column":25},"end":{"line":61,"column":46}}]},"4":{"line":77,"type":"if","locations":[{"start":{"line":77,"column":2},"end":{"line":77,"column":2}},{"start":{"line":77,"column":2},"end":{"line":77,"column":2}}]},"5":{"line":77,"type":"binary-expr","locations":[{"start":{"line":77,"column":6},"end":{"line":77,"column":22}},{"start":{"line":77,"column":26},"end":{"line":77,"column":44}}]},"6":{"line":98,"type":"if","locations":[{"start":{"line":98,"column":2},"end":{"line":98,"column":2}},{"start":{"line":98,"column":2},"end":{"line":98,"column":2}}]},"7":{"line":103,"type":"if","locations":[{"start":{"line":103,"column":2},"end":{"line":103,"column":2}},{"start":{"line":103,"column":2},"end":{"line":103,"column":2}}]},"8":{"line":103,"type":"binary-expr","locations":[{"start":{"line":103,"column":6},"end":{"line":103,"column":23}},{"start":{"line":103,"column":27},"end":{"line":103,"column":48}}]},"9":{"line":113,"type":"if","locations":[{"start":{"line":113,"column":4},"end":{"line":113,"column":4}},{"start":{"line":113,"column":4},"end":{"line":113,"column":4}}]},"10":{"line":113,"type":"binary-expr","locations":[{"start":{"line":113,"column":8},"end":{"line":113,"column":11}},{"start":{"line":113,"column":15},"end":{"line":113,"column":30}}]},"11":{"line":118,"type":"if","locations":[{"start":{"line":118,"column":4},"end":{"line":118,"column":4}},{"start":{"line":118,"column":4},"end":{"line":118,"column":4}}]},"12":{"line":118,"type":"binary-expr","locations":[{"start":{"line":118,"column":8},"end":{"line":118,"column":11}},{"start":{"line":118,"column":15},"end":{"line":118,"column":31}}]},"13":{"line":123,"type":"if","locations":[{"start":{"line":123,"column":4},"end":{"line":123,"column":4}},{"start":{"line":123,"column":4},"end":{"line":123,"column":4}}]},"14":{"line":131,"type":"binary-expr","locations":[{"start":{"line":131,"column":11},"end":{"line":131,"column":25}},{"start":{"line":131,"column":29},"end":{"line":131,"column":47}}]},"15":{"line":133,"type":"binary-expr","locations":[{"start":{"line":133,"column":14},"end":{"line":133,"column":27}},{"start":{"line":133,"column":31},"end":{"line":133,"column":54}}]},"16":{"line":137,"type":"if","locations":[{"start":{"line":137,"column":4},"end":{"line":137,"column":4}},{"start":{"line":137,"column":4},"end":{"line":137,"column":4}}]},"17":{"line":141,"type":"if","locations":[{"start":{"line":141,"column":4},"end":{"line":141,"column":4}},{"start":{"line":141,"column":4},"end":{"line":141,"column":4}}]},"18":{"line":180,"type":"if","locations":[{"start":{"line":180,"column":2},"end":{"line":180,"column":2}},{"start":{"line":180,"column":2},"end":{"line":180,"column":2}}]},"19":{"line":187,"type":"if","locations":[{"start":{"line":187,"column":4},"end":{"line":187,"column":4}},{"start":{"line":187,"column":4},"end":{"line":187,"column":4}}]},"20":{"line":205,"type":"if","locations":[{"start":{"line":205,"column":4},"end":{"line":205,"column":4}},{"start":{"line":205,"column":4},"end":{"line":205,"column":4}}]},"21":{"line":212,"type":"if","locations":[{"start":{"line":212,"column":6},"end":{"line":212,"column":6}},{"start":{"line":212,"column":6},"end":{"line":212,"column":6}}]}},"code":["/*!"," * router"," * Copyright(c) 2013 Roman Shtylman"," * Copyright(c) 2014 Douglas Christopher Wilson"," * MIT Licensed"," */","","'use strict'","","/**"," * Module dependencies."," * @private"," */","","var debug = require('debug')('router:route')","var flatten = require('array-flatten')","var Layer = require('./layer')","var methods = require('methods')","","/**"," * Module variables."," * @private"," */","","var slice = Array.prototype.slice","","/**"," * Expose `Route`."," */","","module.exports = Route","","/**"," * Initialize `Route` with the given `path`,"," *"," * @param {String} path"," * @api private"," */","","function Route(path) {","  debug('new %o', path)","  this.path = path","  this.stack = []","","  // route handlers for various http methods","  this.methods = {}","}","","/**"," * @private"," */","","Route.prototype._handles_method = function _handles_method(method) {","  if (this.methods._all) {","    return true","  }","","  // normalize name","  var name = method.toLowerCase()","","  if (name === 'head' && !this.methods['head']) {","    name = 'get'","  }","","  return Boolean(this.methods[name])","}","","/**"," * @return {array} supported HTTP methods"," * @private"," */","","Route.prototype._methods = function _methods() {","  var methods = Object.keys(this.methods)","","  // append automatic head","  if (this.methods.get && !this.methods.head) {","    methods.push('head')","  }","","  for (var i = 0; i < methods.length; i++) {","    // make upper case","    methods[i] = methods[i].toUpperCase()","  }","","  return methods","}","","/**"," * dispatch req, res into this route"," *"," * @private"," */","","Route.prototype.dispatch = function dispatch(req, res, done) {","  var idx = 0","  var stack = this.stack","  if (stack.length === 0) {","    return done()","  }","","  var method = req.method.toLowerCase()","  if (method === 'head' && !this.methods['head']) {","    method = 'get'","  }","","  req.route = this","","  next()","","  function next(err) {","    // signal to exit route","    if (err && err === 'route') {","      return done()","    }","","    // signal to exit router","    if (err && err === 'router') {","      return done(err)","    }","","    // no more matching layers","    if (idx >= stack.length) {","      return done(err)","    }","","    var layer","    var match","","    // find next matching layer","    while (match !== true && idx < stack.length) {","      layer = stack[idx++]","      match = !layer.method || layer.method === method","    }","","    // no match","    if (match !== true) {","      return done(err)","    }","","    if (err) {","      layer.handle_error(err, req, res, next)","    } else {","      layer.handle_request(req, res, next)","    }","  }","}","","/**"," * Add a handler for all HTTP verbs to this route."," *"," * Behaves just like middleware and can respond or call `next`"," * to continue processing."," *"," * You can use multiple `.all` call to add multiple handlers."," *"," *   function check_something(req, res, next){"," *     next()"," *   }"," *"," *   function validate_user(req, res, next){"," *     next()"," *   }"," *"," *   route"," *   .all(validate_user)"," *   .all(check_something)"," *   .get(function(req, res, next){"," *     res.send('hello world')"," *   })"," *"," * @param {array|function} handler"," * @return {Route} for chaining"," * @api public"," */","","Route.prototype.all = function all(handler) {","  var callbacks = flatten(slice.call(arguments))","","  if (callbacks.length === 0) {","    throw new TypeError('argument handler is required')","  }","","  for (var i = 0; i < callbacks.length; i++) {","    var fn = callbacks[i]","","    if (typeof fn !== 'function') {","      throw new TypeError('argument handler must be a function')","    }","","    var layer = Layer('/', {}, fn)","    layer.method = undefined","","    this.methods._all = true","    this.stack.push(layer)","  }","","  return this","}","","methods.forEach(function (method) {","  Route.prototype[method] = function (handler) {","    var callbacks = flatten(slice.call(arguments))","","    if (callbacks.length === 0) {","      throw new TypeError('argument handler is required')","    }","","    for (var i = 0; i < callbacks.length; i++) {","      var fn = callbacks[i]","","      if (typeof fn !== 'function') {","        throw new TypeError('argument handler must be a function')","      }","","      debug('%s %s', method, this.path)","","      var layer = Layer('/', {}, fn)","      layer.method = method","","      this.methods[method] = true","      this.stack.push(layer)","    }","","    return this","  }","})",""],"l":{"15":1,"16":1,"17":1,"18":1,"25":1,"31":1,"40":1,"41":0,"42":0,"43":0,"46":0,"53":1,"54":0,"55":0,"59":0,"61":0,"62":0,"65":0,"73":1,"74":0,"77":0,"78":0,"81":0,"83":0,"86":0,"95":1,"96":0,"97":0,"98":0,"99":0,"102":0,"103":0,"104":0,"107":0,"109":0,"111":1,"113":0,"114":0,"118":0,"119":0,"123":0,"124":0,"127":0,"128":0,"131":0,"132":0,"133":0,"137":0,"138":0,"141":0,"142":0,"144":0,"177":1,"178":0,"180":0,"181":0,"184":0,"185":0,"187":0,"188":0,"191":0,"192":0,"194":0,"195":0,"198":0,"201":1,"202":33,"203":0,"205":0,"206":0,"209":0,"210":0,"212":0,"213":0,"216":0,"218":0,"219":0,"221":0,"222":0,"225":0}}}